#
# A fatal error has been detected by the Java Runtime Environment:
#
#  SIGSEGV (0xb) at pc=0x00007f28733acab0, pid=27165, tid=139811712952064
#
# JRE version: Java(TM) SE Runtime Environment (7.0_80-b15) (build 1.7.0_80-b15)
# Java VM: Java HotSpot(TM) 64-Bit Server VM (24.80-b11 mixed mode linux-amd64 compressed oops)
# Problematic frame:
# C  [libpthread.so.0+0x9ab0]  pthread_setschedparam+0x10
#
# Failed to write core dump. Core dumps have been disabled. To enable core dumping, try "ulimit -c unlimited" before starting Java again
#
# If you would like to submit a bug report, please visit:
#   http://bugreport.java.com/bugreport/crash.jsp
# The crash happened outside the Java Virtual Machine in native code.
# See problematic frame for where to report the bug.
#

---------------  T H R E A D  ---------------

Current thread (0x00007f286c009800):  JavaThread "main" [_thread_in_native, id=27167, stack(0x00007f28736c6000,0x00007f28737c7000)]

siginfo:si_signo=SIGSEGV: si_errno=0, si_code=1 (SEGV_MAPERR), si_addr=0x00000000737c69d0

Registers:
RAX=0x00000000737c6700, RBX=0x00000000737c6700, RCX=0x0000000000000023, RDX=0x00007f2865e2a0ac
RSP=0x00007f28737c57c0, RBP=0x00007f28737c5870, RSI=0x0000000000000002, RDI=0x00000000737c6700
R8 =0x00007f2872d3bdc0, R9 =0x00007f2872d0f520, R10=0x00007f28737c55b0, R11=0x00007f28733acaa0
R12=0x0000000000000000, R13=0x00000000cca5dd28, R14=0x00007f28737c5908, R15=0x00007f286c009800
RIP=0x00007f28733acab0, EFLAGS=0x0000000000010206, CSGSFS=0x0000000000000033, ERR=0x0000000000000004
  TRAPNO=0x000000000000000e

Top of Stack: (sp=0x00007f28737c57c0)
0x00007f28737c57c0:   00000000737c6700 00007f2872d3bdc0
0x00007f28737c57d0:   00000000cca5dd28 00007f28737c5870
0x00007f28737c57e0:   0000000000000000 00007f2865c28dfa
0x00007f28737c57f0:   00007f2869005310 737c67000000000e
0x00007f28737c5800:   00007f28737c5908 00007f286c0099e8
0x00007f28737c5810:   00007f28737c5ac0 000000006c0070f0
0x00007f28737c5820:   00007f28737c5860 00000000737c6700
0x00007f28737c5830:   0000000000000000 0000000000000000
0x00007f28737c5840:   0000000000001000 0000000000000000
0x00007f28737c5850:   0000000000000000 0000000000000000
0x00007f28737c5860:   0000000000000000 bfecc7781ea4ac00
0x00007f28737c5870:   00007f28737c58d8 00007f28690127f8
0x00007f28737c5880:   00007f286c00a6c8 00007f2869012d09
0x00007f28737c5890:   00007f286c009800 00007f28737c5898
0x00007f28737c58a0:   00000000cca5dd28 00007f28737c5908
0x00007f28737c58b0:   00000000cca5f348 0000000000000000
0x00007f28737c58c0:   00000000cca5dd28 0000000000000000
0x00007f28737c58d0:   00007f28737c58f8 00007f28737c5950
0x00007f28737c58e0:   00007f2869006058 0000000000000000
0x00007f28737c58f0:   00007f286900ecd8 000000000000000e
0x00007f28737c5900:   00000000737c6700 00000000f08cf190
0x00007f28737c5910:   00007f28737c5910 00000000cca5e4c9
0x00007f28737c5920:   00007f28737c5970 00000000cca5f348
0x00007f28737c5930:   0000000000000000 00000000cca5e500
0x00007f28737c5940:   00007f28737c58f8 00007f28737c5960
0x00007f28737c5950:   00007f28737c59b8 00007f2869006058
0x00007f28737c5960:   00000000f08cf3b0 000000000000000e
0x00007f28737c5970:   00000000f08cf190 00007f28737c5978
0x00007f28737c5980:   00000000cca5e71d 00007f28737c59d8
0x00007f28737c5990:   00000000cca5f348 0000000000000000
0x00007f28737c59a0:   00000000cca5e738 00007f28737c5960
0x00007f28737c59b0:   00007f28737c59d8 00007f28737c5a40 

Instructions: (pc=0x00007f28733acab0)
0x00007f28733aca90:   00 e9 2f ff ff ff 66 2e 0f 1f 84 00 00 00 00 00
0x00007f28733acaa0:   41 54 55 53 48 89 fb 48 83 ec 10 48 85 ff 74 6d
0x00007f28733acab0:   8b 87 d0 02 00 00 85 c0 7e 63 41 89 f4 48 89 d5
0x00007f28733acac0:   be 01 00 00 00 31 c0 f0 0f b1 b3 18 06 00 00 75 

Register to memory mapping:

RAX=0x00000000737c6700 is an unknown value
RBX=0x00000000737c6700 is an unknown value
RCX=0x0000000000000023 is an unknown value
RDX=0x00007f2865e2a0ac: param+0 in /home/emeraude/Bureau/JNI2504/ChangeThread/Change/Thread2804/libThreadDemoChange.so at 0x00007f2865c28000
RSP=0x00007f28737c57c0 is pointing into the stack for thread: 0x00007f286c009800
RBP=0x00007f28737c5870 is pointing into the stack for thread: 0x00007f286c009800
RSI=0x0000000000000002 is an unknown value
RDI=0x00000000737c6700 is an unknown value
R8 =0x00007f2872d3bdc0: _itoa_lower_digits+0 in /lib/x86_64-linux-gnu/libc.so.6 at 0x00007f2872bc5000
R9 =0x00007f2872d0f520: <offset 0x14a520> in /lib/x86_64-linux-gnu/libc.so.6 at 0x00007f2872bc5000
R10=0x00007f28737c55b0 is pointing into the stack for thread: 0x00007f286c009800
R11=0x00007f28733acaa0: pthread_setschedparam+0 in /lib/x86_64-linux-gnu/libpthread.so.0 at 0x00007f28733a3000
R12=0x0000000000000000 is an unknown value
R13=0x00000000cca5dd28 is an oop
{method} 
 - klass: {other class}
R14=0x00007f28737c5908 is pointing into the stack for thread: 0x00007f286c009800
R15=0x00007f286c009800 is a thread


Stack: [0x00007f28736c6000,0x00007f28737c7000],  sp=0x00007f28737c57c0,  free space=1021k
Native frames: (J=compiled Java code, j=interpreted, Vv=VM code, C=native code)
C  [libpthread.so.0+0x9ab0]  pthread_setschedparam+0x10
j  ThreadDemoChange.ChangePrio2(II)V+0
j  ThreadDemoChange.ChangeThreadPrio(ILThreadDemoChange;)V+41
j  ThreadDemoChange.main([Ljava/lang/String;)V+37
v  ~StubRoutines::call_stub
V  [libjvm.so+0x6020a5]  JavaCalls::call_helper(JavaValue*, methodHandle*, JavaCallArguments*, Thread*)+0x365
V  [libjvm.so+0x600b08]  JavaCalls::call(JavaValue*, methodHandle, JavaCallArguments*, Thread*)+0x28
V  [libjvm.so+0x63abb9]  jni_invoke_static(JNIEnv_*, JavaValue*, _jobject*, JNICallType, _jmethodID*, JNI_ArgumentPusher*, Thread*)+0x219
V  [libjvm.so+0x6437d2]  jni_CallStaticVoidMethod+0x162
C  [libjli.so+0x36d9]  JavaMain+0x7e9

Java frames: (J=compiled Java code, j=interpreted, Vv=VM code)
j  ThreadDemoChange.ChangePrio2(II)V+0
j  ThreadDemoChange.ChangeThreadPrio(ILThreadDemoChange;)V+41
j  ThreadDemoChange.main([Ljava/lang/String;)V+37
v  ~StubRoutines::call_stub

---------------  P R O C E S S  ---------------

Java Threads: ( => current thread )
  0x00007f286c0b0000 JavaThread "Thread-1" [_thread_blocked, id=27192, stack(0x00007f2865a26000,0x00007f2865b27000)]
  0x00007f286c0ae000 JavaThread "Thread-0" [_thread_blocked, id=27191, stack(0x00007f2865b27000,0x00007f2865c28000)]
  0x00007f286c094000 JavaThread "Service Thread" daemon [_thread_blocked, id=27188, stack(0x00007f2865f2c000,0x00007f286602d000)]
  0x00007f286c091800 JavaThread "C2 CompilerThread1" daemon [_thread_blocked, id=27187, stack(0x00007f286602d000,0x00007f286612e000)]
  0x00007f286c08f000 JavaThread "C2 CompilerThread0" daemon [_thread_blocked, id=27186, stack(0x00007f286612e000,0x00007f286622f000)]
  0x00007f286c08c800 JavaThread "Signal Dispatcher" daemon [_thread_blocked, id=27185, stack(0x00007f286622f000,0x00007f2866330000)]
  0x00007f286c06b800 JavaThread "Finalizer" daemon [_thread_blocked, id=27176, stack(0x00007f2866a13000,0x00007f2866b14000)]
  0x00007f286c069800 JavaThread "Reference Handler" daemon [_thread_blocked, id=27174, stack(0x00007f2866b14000,0x00007f2866c15000)]
=>0x00007f286c009800 JavaThread "main" [_thread_in_native, id=27167, stack(0x00007f28736c6000,0x00007f28737c7000)]

Other Threads:
  0x00007f286c065000 VMThread [stack: 0x00007f2866c15000,0x00007f2866d16000] [id=27172]
  0x00007f286c09e800 WatcherThread [stack: 0x00007f2865e2b000,0x00007f2865f2c000] [id=27189]

VM state:not at safepoint (normal execution)

VM Mutex/Monitor currently owned by a thread: None

Heap
 PSYoungGen      total 14336K, used 1024K [0x00000000f0880000, 0x00000000f1800000, 0x0000000100000000)
  eden space 12800K, 8% used [0x00000000f0880000,0x00000000f0980158,0x00000000f1500000)
  from space 1536K, 0% used [0x00000000f1680000,0x00000000f1680000,0x00000000f1800000)
  to   space 1536K, 0% used [0x00000000f1500000,0x00000000f1500000,0x00000000f1680000)
 ParOldGen       total 31232K, used 0K [0x00000000d1a00000, 0x00000000d3880000, 0x00000000f0880000)
  object space 31232K, 0% used [0x00000000d1a00000,0x00000000d1a00000,0x00000000d3880000)
 PSPermGen       total 21504K, used 2433K [0x00000000cc800000, 0x00000000cdd00000, 0x00000000d1a00000)
  object space 21504K, 11% used [0x00000000cc800000,0x00000000cca605f0,0x00000000cdd00000)

Card table byte_map: [0x00007f2870813000,0x00007f28709b0000] byte_map_base: 0x00007f28701af000

Polling page: 0x00007f28737e0000

Code Cache  [0x00007f2869000000, 0x00007f2869270000, 0x00007f286c000000)
 total_blobs=163 nmethods=0 adapters=133 free_code_cache=48775Kb largest_free_block=49946496

Compilation events (0 events):
No events

GC Heap History (0 events):
No events

Deoptimization events (0 events):
No events

Internal exceptions (2 events):
Event: 0,060 Thread 0x00007f286c009800 Threw 0x00000000f088f2a8 at /HUDSON/workspace/7u-2-build-linux-amd64/jdk7u80/2329/hotspot/src/share/vm/prims/jni.cpp:3991
Event: 0,141 Thread 0x00007f286c009800 Threw 0x00000000f08c6d78 at /HUDSON/workspace/7u-2-build-linux-amd64/jdk7u80/2329/hotspot/src/share/vm/prims/jvm.cpp:1319

Events (10 events):
Event: 0,150 loading class 0x00007f28702f76a0
Event: 0,150 loading class 0x00007f28702f76a0 done
Event: 0,151 loading class 0x00007f28702d2070
Event: 0,155 loading class 0x00007f28702d2070 done
Event: 0,156 loading class 0x00007f28702de390
Event: 0,156 loading class 0x00007f28702de390 done
Event: 0,156 loading class 0x00007f28702de330
Event: 0,156 loading class 0x00007f28702de330 done
Event: 0,157 Thread 0x00007f286c0ae000 Thread added: 0x00007f286c0ae000
Event: 0,159 Thread 0x00007f286c0b0000 Thread added: 0x00007f286c0b0000


Dynamic libraries:
00400000-00401000 r-xp 00000000 08:01 3031226                            /usr/lib/jvm/java-7-oracle/jre/bin/java
00600000-00601000 rw-p 00000000 08:01 3031226                            /usr/lib/jvm/java-7-oracle/jre/bin/java
01270000-01291000 rw-p 00000000 00:00 0                                  [heap]
cc800000-cdd00000 rw-p 00000000 00:00 0 
cdd00000-d1a00000 rw-p 00000000 00:00 0 
d1a00000-d3880000 rw-p 00000000 00:00 0 
d3880000-f0880000 rw-p 00000000 00:00 0 
f0880000-f1800000 rw-p 00000000 00:00 0 
f1800000-100000000 rw-p 00000000 00:00 0 
7f2830000000-7f2830021000 rw-p 00000000 00:00 0 
7f2830021000-7f2834000000 ---p 00000000 00:00 0 
7f2838000000-7f2838021000 rw-p 00000000 00:00 0 
7f2838021000-7f283c000000 ---p 00000000 00:00 0 
7f283c000000-7f283c021000 rw-p 00000000 00:00 0 
7f283c021000-7f2840000000 ---p 00000000 00:00 0 
7f2840000000-7f2840021000 rw-p 00000000 00:00 0 
7f2840021000-7f2844000000 ---p 00000000 00:00 0 
7f2844000000-7f2844021000 rw-p 00000000 00:00 0 
7f2844021000-7f2848000000 ---p 00000000 00:00 0 
7f2848000000-7f2848021000 rw-p 00000000 00:00 0 
7f2848021000-7f284c000000 ---p 00000000 00:00 0 
7f284c000000-7f284c021000 rw-p 00000000 00:00 0 
7f284c021000-7f2850000000 ---p 00000000 00:00 0 
7f2850000000-7f2850021000 rw-p 00000000 00:00 0 
7f2850021000-7f2854000000 ---p 00000000 00:00 0 
7f2854000000-7f2854021000 rw-p 00000000 00:00 0 
7f2854021000-7f2858000000 ---p 00000000 00:00 0 
7f2858000000-7f2858021000 rw-p 00000000 00:00 0 
7f2858021000-7f285c000000 ---p 00000000 00:00 0 
7f285c000000-7f285c021000 rw-p 00000000 00:00 0 
7f285c021000-7f2860000000 ---p 00000000 00:00 0 
7f2860000000-7f2860021000 rw-p 00000000 00:00 0 
7f2860021000-7f2864000000 ---p 00000000 00:00 0 
7f28657dd000-7f2865a26000 rw-p 00000000 00:00 0 
7f2865a26000-7f2865a29000 ---p 00000000 00:00 0 
7f2865a29000-7f2865b27000 rw-p 00000000 00:00 0                          [stack:27192]
7f2865b27000-7f2865b2a000 ---p 00000000 00:00 0 
7f2865b2a000-7f2865c28000 rw-p 00000000 00:00 0                          [stack:27191]
7f2865c28000-7f2865c2a000 r-xp 00000000 08:01 1719782                    /home/emeraude/Bureau/JNI2504/ChangeThread/Change/Thread2804/libThreadDemoChange.so
7f2865c2a000-7f2865e29000 ---p 00002000 08:01 1719782                    /home/emeraude/Bureau/JNI2504/ChangeThread/Change/Thread2804/libThreadDemoChange.so
7f2865e29000-7f2865e2a000 r--p 00001000 08:01 1719782                    /home/emeraude/Bureau/JNI2504/ChangeThread/Change/Thread2804/libThreadDemoChange.so
7f2865e2a000-7f2865e2b000 rw-p 00002000 08:01 1719782                    /home/emeraude/Bureau/JNI2504/ChangeThread/Change/Thread2804/libThreadDemoChange.so
7f2865e2b000-7f2865e2c000 ---p 00000000 00:00 0 
7f2865e2c000-7f2865f2c000 rw-p 00000000 00:00 0                          [stack:27189]
7f2865f2c000-7f2865f2f000 ---p 00000000 00:00 0 
7f2865f2f000-7f286602d000 rw-p 00000000 00:00 0                          [stack:27188]
7f286602d000-7f2866030000 ---p 00000000 00:00 0 
7f2866030000-7f286612e000 rw-p 00000000 00:00 0                          [stack:27187]
7f286612e000-7f2866131000 ---p 00000000 00:00 0 
7f2866131000-7f286622f000 rw-p 00000000 00:00 0                          [stack:27186]
7f286622f000-7f2866232000 ---p 00000000 00:00 0 
7f2866232000-7f2866330000 rw-p 00000000 00:00 0                          [stack:27185]
7f2866330000-7f2866a13000 r--p 00000000 08:01 3022683                    /usr/lib/locale/locale-archive
7f2866a13000-7f2866a16000 ---p 00000000 00:00 0 
7f2866a16000-7f2866b14000 rw-p 00000000 00:00 0                          [stack:27176]
7f2866b14000-7f2866b17000 ---p 00000000 00:00 0 
7f2866b17000-7f2866c15000 rw-p 00000000 00:00 0                          [stack:27174]
7f2866c15000-7f2866c16000 ---p 00000000 00:00 0 
7f2866c16000-7f2869000000 rw-p 00000000 00:00 0                          [stack:27172]
7f2869000000-7f2869270000 rwxp 00000000 00:00 0 
7f2869270000-7f286c0bc000 rw-p 00000000 00:00 0 
7f286c0bc000-7f2870000000 ---p 00000000 00:00 0 
7f287000e000-7f287009b000 rw-p 00000000 00:00 0 
7f287009b000-7f287025b000 r--s 039fb000 08:01 3031693                    /usr/lib/jvm/java-7-oracle/jre/lib/rt.jar
7f287025b000-7f28704f0000 rw-p 00000000 00:00 0 
7f28704f0000-7f28704f1000 ---p 00000000 00:00 0 
7f28704f1000-7f28705f1000 rw-p 00000000 00:00 0                          [stack:27169]
7f28705f1000-7f28705f2000 ---p 00000000 00:00 0 
7f28705f2000-7f28706fd000 rw-p 00000000 00:00 0                          [stack:27168]
7f28706fd000-7f287071b000 rw-p 00000000 00:00 0 
7f287071b000-7f287072b000 rw-p 00000000 00:00 0 
7f287072b000-7f2870813000 rw-p 00000000 00:00 0 
7f2870813000-7f287081e000 rw-p 00000000 00:00 0 
7f287081e000-7f287083c000 rw-p 00000000 00:00 0 
7f287083c000-7f287084c000 rw-p 00000000 00:00 0 
7f287084c000-7f2870933000 rw-p 00000000 00:00 0 
7f2870933000-7f287093b000 rw-p 00000000 00:00 0 
7f287093b000-7f28709af000 rw-p 00000000 00:00 0 
7f28709af000-7f28709b0000 rw-p 00000000 00:00 0 
7f28709b0000-7f28709c7000 r-xp 00000000 08:01 3031759                    /usr/lib/jvm/java-7-oracle/jre/lib/amd64/libzip.so
7f28709c7000-7f2870bc7000 ---p 00017000 08:01 3031759                    /usr/lib/jvm/java-7-oracle/jre/lib/amd64/libzip.so
7f2870bc7000-7f2870bc8000 rw-p 00017000 08:01 3031759                    /usr/lib/jvm/java-7-oracle/jre/lib/amd64/libzip.so
7f2870bc8000-7f2870bd3000 r-xp 00000000 08:01 266644                     /lib/x86_64-linux-gnu/libnss_files-2.19.so
7f2870bd3000-7f2870dd2000 ---p 0000b000 08:01 266644                     /lib/x86_64-linux-gnu/libnss_files-2.19.so
7f2870dd2000-7f2870dd3000 r--p 0000a000 08:01 266644                     /lib/x86_64-linux-gnu/libnss_files-2.19.so
7f2870dd3000-7f2870dd4000 rw-p 0000b000 08:01 266644                     /lib/x86_64-linux-gnu/libnss_files-2.19.so
7f2870dd4000-7f2870ddf000 r-xp 00000000 08:01 266654                     /lib/x86_64-linux-gnu/libnss_nis-2.19.so
7f2870ddf000-7f2870fde000 ---p 0000b000 08:01 266654                     /lib/x86_64-linux-gnu/libnss_nis-2.19.so
7f2870fde000-7f2870fdf000 r--p 0000a000 08:01 266654                     /lib/x86_64-linux-gnu/libnss_nis-2.19.so
7f2870fdf000-7f2870fe0000 rw-p 0000b000 08:01 266654                     /lib/x86_64-linux-gnu/libnss_nis-2.19.so
7f2870fe0000-7f2870ff7000 r-xp 00000000 08:01 266638                     /lib/x86_64-linux-gnu/libnsl-2.19.so
7f2870ff7000-7f28711f6000 ---p 00017000 08:01 266638                     /lib/x86_64-linux-gnu/libnsl-2.19.so
7f28711f6000-7f28711f7000 r--p 00016000 08:01 266638                     /lib/x86_64-linux-gnu/libnsl-2.19.so
7f28711f7000-7f28711f8000 rw-p 00017000 08:01 266638                     /lib/x86_64-linux-gnu/libnsl-2.19.so
7f28711f8000-7f28711fa000 rw-p 00000000 00:00 0 
7f28711fa000-7f2871203000 r-xp 00000000 08:01 266640                     /lib/x86_64-linux-gnu/libnss_compat-2.19.so
7f2871203000-7f2871402000 ---p 00009000 08:01 266640                     /lib/x86_64-linux-gnu/libnss_compat-2.19.so
7f2871402000-7f2871403000 r--p 00008000 08:01 266640                     /lib/x86_64-linux-gnu/libnss_compat-2.19.so
7f2871403000-7f2871404000 rw-p 00009000 08:01 266640                     /lib/x86_64-linux-gnu/libnss_compat-2.19.so
7f2871404000-7f287142d000 r-xp 00000000 08:01 3031717                    /usr/lib/jvm/java-7-oracle/jre/lib/amd64/libjava.so
7f287142d000-7f287162d000 ---p 00029000 08:01 3031717                    /usr/lib/jvm/java-7-oracle/jre/lib/amd64/libjava.so
7f287162d000-7f287162f000 rw-p 00029000 08:01 3031717                    /usr/lib/jvm/java-7-oracle/jre/lib/amd64/libjava.so
7f287162f000-7f287163c000 r-xp 00000000 08:01 3031700                    /usr/lib/jvm/java-7-oracle/jre/lib/amd64/libverify.so
7f287163c000-7f287183b000 ---p 0000d000 08:01 3031700                    /usr/lib/jvm/java-7-oracle/jre/lib/amd64/libverify.so
7f287183b000-7f287183d000 rw-p 0000c000 08:01 3031700                    /usr/lib/jvm/java-7-oracle/jre/lib/amd64/libverify.so
7f287183d000-7f2871844000 r-xp 00000000 08:01 266697                     /lib/x86_64-linux-gnu/librt-2.19.so
7f2871844000-7f2871a43000 ---p 00007000 08:01 266697                     /lib/x86_64-linux-gnu/librt-2.19.so
7f2871a43000-7f2871a44000 r--p 00006000 08:01 266697                     /lib/x86_64-linux-gnu/librt-2.19.so
7f2871a44000-7f2871a45000 rw-p 00007000 08:01 266697                     /lib/x86_64-linux-gnu/librt-2.19.so
7f2871a45000-7f2871b4a000 r-xp 00000000 08:01 266619                     /lib/x86_64-linux-gnu/libm-2.19.so
7f2871b4a000-7f2871d49000 ---p 00105000 08:01 266619                     /lib/x86_64-linux-gnu/libm-2.19.so
7f2871d49000-7f2871d4a000 r--p 00104000 08:01 266619                     /lib/x86_64-linux-gnu/libm-2.19.so
7f2871d4a000-7f2871d4b000 rw-p 00105000 08:01 266619                     /lib/x86_64-linux-gnu/libm-2.19.so
7f2871d4b000-7f28728c1000 r-xp 00000000 08:01 3031747                    /usr/lib/jvm/java-7-oracle/jre/lib/amd64/server/libjvm.so
7f28728c1000-7f2872ac0000 ---p 00b76000 08:01 3031747                    /usr/lib/jvm/java-7-oracle/jre/lib/amd64/server/libjvm.so
7f2872ac0000-7f2872b84000 rw-p 00b75000 08:01 3031747                    /usr/lib/jvm/java-7-oracle/jre/lib/amd64/server/libjvm.so
7f2872b84000-7f2872bc5000 rw-p 00000000 00:00 0 
7f2872bc5000-7f2872d80000 r-xp 00000000 08:01 266569                     /lib/x86_64-linux-gnu/libc-2.19.so
7f2872d80000-7f2872f7f000 ---p 001bb000 08:01 266569                     /lib/x86_64-linux-gnu/libc-2.19.so
7f2872f7f000-7f2872f83000 r--p 001ba000 08:01 266569                     /lib/x86_64-linux-gnu/libc-2.19.so
7f2872f83000-7f2872f85000 rw-p 001be000 08:01 266569                     /lib/x86_64-linux-gnu/libc-2.19.so
7f2872f85000-7f2872f8a000 rw-p 00000000 00:00 0 
7f2872f8a000-7f2872f8d000 r-xp 00000000 08:01 266586                     /lib/x86_64-linux-gnu/libdl-2.19.so
7f2872f8d000-7f287318c000 ---p 00003000 08:01 266586                     /lib/x86_64-linux-gnu/libdl-2.19.so
7f287318c000-7f287318d000 r--p 00002000 08:01 266586                     /lib/x86_64-linux-gnu/libdl-2.19.so
7f287318d000-7f287318e000 rw-p 00003000 08:01 266586                     /lib/x86_64-linux-gnu/libdl-2.19.so
7f287318e000-7f28731a3000 r-xp 00000000 08:01 3031726                    /usr/lib/jvm/java-7-oracle/jre/lib/amd64/jli/libjli.so
7f28731a3000-7f28733a2000 ---p 00015000 08:01 3031726                    /usr/lib/jvm/java-7-oracle/jre/lib/amd64/jli/libjli.so
7f28733a2000-7f28733a3000 rw-p 00014000 08:01 3031726                    /usr/lib/jvm/java-7-oracle/jre/lib/amd64/jli/libjli.so
7f28733a3000-7f28733bc000 r-xp 00000000 08:01 266689                     /lib/x86_64-linux-gnu/libpthread-2.19.so
7f28733bc000-7f28735bb000 ---p 00019000 08:01 266689                     /lib/x86_64-linux-gnu/libpthread-2.19.so
7f28735bb000-7f28735bc000 r--p 00018000 08:01 266689                     /lib/x86_64-linux-gnu/libpthread-2.19.so
7f28735bc000-7f28735bd000 rw-p 00019000 08:01 266689                     /lib/x86_64-linux-gnu/libpthread-2.19.so
7f28735bd000-7f28735c1000 rw-p 00000000 00:00 0 
7f28735c1000-7f28735e4000 r-xp 00000000 08:01 266545                     /lib/x86_64-linux-gnu/ld-2.19.so
7f28735f5000-7f2873610000 rw-p 00000000 00:00 0 
7f2873610000-7f28736c6000 rw-p 00000000 00:00 0 
7f28736c6000-7f28736c9000 ---p 00000000 00:00 0 
7f28736c9000-7f28737cb000 rw-p 00000000 00:00 0                          [stack:27167]
7f28737d4000-7f28737d7000 rw-p 00000000 00:00 0 
7f28737d7000-7f28737df000 rw-s 00000000 08:01 2514270                    /tmp/hsperfdata_root/27165
7f28737df000-7f28737e0000 rw-p 00000000 00:00 0 
7f28737e0000-7f28737e1000 r--p 00000000 00:00 0 
7f28737e1000-7f28737e3000 rw-p 00000000 00:00 0 
7f28737e3000-7f28737e4000 r--p 00022000 08:01 266545                     /lib/x86_64-linux-gnu/ld-2.19.so
7f28737e4000-7f28737e5000 rw-p 00023000 08:01 266545                     /lib/x86_64-linux-gnu/ld-2.19.so
7f28737e5000-7f28737e6000 rw-p 00000000 00:00 0 
7fffd6b92000-7fffd6bb3000 rw-p 00000000 00:00 0                          [stack]
7fffd6bbb000-7fffd6bbd000 r--p 00000000 00:00 0                          [vvar]
7fffd6bbd000-7fffd6bbf000 r-xp 00000000 00:00 0                          [vdso]
ffffffffff600000-ffffffffff601000 r-xp 00000000 00:00 0                  [vsyscall]

VM Arguments:
java_command: ThreadDemoChange
Launcher Type: SUN_STANDARD

Environment Variables:
PATH=/usr/local/sbin:/usr/local/bin:/usr/sbin:/usr/bin:/sbin:/bin:/usr/games:/usr/local/games
USERNAME=root
LD_LIBRARY_PATH=/home/emeraude/Bureau/JNI2504/ChangeThread/Change/Thread2804/
SHELL=/bin/bash
DISPLAY=:0

Signal Handlers:
SIGSEGV: [libjvm.so+0x9a3b20], sa_mask[0]=0x7ffbfeff, sa_flags=0x10000004
SIGBUS: [libjvm.so+0x9a3b20], sa_mask[0]=0x7ffbfeff, sa_flags=0x10000004
SIGFPE: [libjvm.so+0x81e740], sa_mask[0]=0x7ffbfeff, sa_flags=0x10000004
SIGPIPE: [libjvm.so+0x81e740], sa_mask[0]=0x7ffbfeff, sa_flags=0x10000004
SIGXFSZ: [libjvm.so+0x81e740], sa_mask[0]=0x7ffbfeff, sa_flags=0x10000004
SIGILL: [libjvm.so+0x81e740], sa_mask[0]=0x7ffbfeff, sa_flags=0x10000004
SIGUSR1: SIG_DFL, sa_mask[0]=0x00000000, sa_flags=0x00000000
SIGUSR2: [libjvm.so+0x81ffb0], sa_mask[0]=0x00000000, sa_flags=0x10000004
SIGHUP: [libjvm.so+0x8210d0], sa_mask[0]=0x7ffbfeff, sa_flags=0x10000004
SIGINT: [libjvm.so+0x8210d0], sa_mask[0]=0x7ffbfeff, sa_flags=0x10000004
SIGTERM: [libjvm.so+0x8210d0], sa_mask[0]=0x7ffbfeff, sa_flags=0x10000004
SIGQUIT: [libjvm.so+0x8210d0], sa_mask[0]=0x7ffbfeff, sa_flags=0x10000004


---------------  S Y S T E M  ---------------

OS:jessie/sid

uname:Linux 3.19.0-25-generic #26~14.04.1-Ubuntu SMP Fri Jul 24 21:16:20 UTC 2015 x86_64
libc:glibc 2.19 NPTL 2.19 
rlimit: STACK 8192k, CORE 0k, NPROC 11762, NOFILE 4096, AS infinity
load average:1,92 0,90 0,52

/proc/meminfo:
MemTotal:        3032528 kB
MemFree:           74896 kB
MemAvailable:     244368 kB
Buffers:            6832 kB
Cached:           783660 kB
SwapCached:        21716 kB
Active:          2142284 kB
Inactive:         664864 kB
Active(anon):    2009296 kB
Inactive(anon):   536672 kB
Active(file):     132988 kB
Inactive(file):   128192 kB
Unevictable:          16 kB
Mlocked:              16 kB
SwapTotal:       3094524 kB
SwapFree:        2767024 kB
Dirty:             12152 kB
Writeback:             0 kB
AnonPages:       2015764 kB
Mapped:           143756 kB
Shmem:            529408 kB
Slab:              72680 kB
SReclaimable:      41828 kB
SUnreclaim:        30852 kB
KernelStack:        8768 kB
PageTables:        38092 kB
NFS_Unstable:          0 kB
Bounce:                0 kB
WritebackTmp:          0 kB
CommitLimit:     4610788 kB
Committed_AS:    6819700 kB
VmallocTotal:   34359738367 kB
VmallocUsed:      347460 kB
VmallocChunk:   34359383644 kB
HardwareCorrupted:     0 kB
AnonHugePages:    456704 kB
CmaTotal:              0 kB
CmaFree:               0 kB
HugePages_Total:       0
HugePages_Free:        0
HugePages_Rsvd:        0
HugePages_Surp:        0
Hugepagesize:       2048 kB
DirectMap4k:      110900 kB
DirectMap2M:     2985984 kB


CPU:total 2 (2 cores per cpu, 1 threads per core) family 6 model 23 stepping 10, cmov, cx8, fxsr, mmx, sse, sse2, sse3, ssse3, sse4.1, tsc

/proc/cpuinfo:
processor	: 0
vendor_id	: GenuineIntel
cpu family	: 6
model		: 23
model name	: Intel(R) Core(TM)2 Duo CPU     U9600  @ 1.60GHz
stepping	: 10
microcode	: 0xa07
cpu MHz		: 1200.000
cache size	: 3072 KB
physical id	: 0
siblings	: 2
core id		: 0
cpu cores	: 2
apicid		: 0
initial apicid	: 0
fpu		: yes
fpu_exception	: yes
cpuid level	: 13
wp		: yes
flags		: fpu vme de pse tsc msr pae mce cx8 apic sep mtrr pge mca cmov pat pse36 clflush dts acpi mmx fxsr sse sse2 ss ht tm pbe syscall nx lm constant_tsc arch_perfmon pebs bts rep_good nopl aperfmperf pni dtes64 monitor ds_cpl vmx smx est tm2 ssse3 cx16 xtpr pdcm sse4_1 xsave lahf_lm ida dtherm tpr_shadow vnmi flexpriority
bugs		:
bogomips	: 3189.79
clflush size	: 64
cache_alignment	: 64
address sizes	: 36 bits physical, 48 bits virtual
power management:

processor	: 1
vendor_id	: GenuineIntel
cpu family	: 6
model		: 23
model name	: Intel(R) Core(TM)2 Duo CPU     U9600  @ 1.60GHz
stepping	: 10
microcode	: 0xa07
cpu MHz		: 1200.000
cache size	: 3072 KB
physical id	: 0
siblings	: 2
core id		: 1
cpu cores	: 2
apicid		: 1
initial apicid	: 1
fpu		: yes
fpu_exception	: yes
cpuid level	: 13
wp		: yes
flags		: fpu vme de pse tsc msr pae mce cx8 apic sep mtrr pge mca cmov pat pse36 clflush dts acpi mmx fxsr sse sse2 ss ht tm pbe syscall nx lm constant_tsc arch_perfmon pebs bts rep_good nopl aperfmperf pni dtes64 monitor ds_cpl vmx smx est tm2 ssse3 cx16 xtpr pdcm sse4_1 xsave lahf_lm ida dtherm tpr_shadow vnmi flexpriority
bugs		:
bogomips	: 3189.79
clflush size	: 64
cache_alignment	: 64
address sizes	: 36 bits physical, 48 bits virtual
power management:



Memory: 4k page, physical 3032528k(74896k free), swap 3094524k(2767024k free)

vm_info: Java HotSpot(TM) 64-Bit Server VM (24.80-b11) for linux-amd64 JRE (1.7.0_80-b15), built on Apr 10 2015 19:53:14 by "java_re" with gcc 4.3.0 20080428 (Red Hat 4.3.0-8)

time: Thu Apr 28 17:00:05 2016
elapsed time: 0 seconds

