#
# A fatal error has been detected by the Java Runtime Environment:
#
#  SIGSEGV (0xb) at pc=0x00007f9f06e0bb8e, pid=30536, tid=140320996218624
#
# JRE version: Java(TM) SE Runtime Environment (7.0_80-b15) (build 1.7.0_80-b15)
# Java VM: Java HotSpot(TM) 64-Bit Server VM (24.80-b11 mixed mode linux-amd64 compressed oops)
# Problematic frame:
# C  [libpthread.so.0+0x9b8e]  pthread_setschedprio+0xe
#
# Failed to write core dump. Core dumps have been disabled. To enable core dumping, try "ulimit -c unlimited" before starting Java again
#
# If you would like to submit a bug report, please visit:
#   http://bugreport.java.com/bugreport/crash.jsp
# The crash happened outside the Java Virtual Machine in native code.
# See problematic frame for where to report the bug.
#

---------------  T H R E A D  ---------------

Current thread (0x00007f9f00009800):  JavaThread "main" [_thread_in_native, id=30537, stack(0x00007f9f07125000,0x00007f9f07226000)]

siginfo:si_signo=SIGSEGV: si_errno=0, si_code=1 (SEGV_MAPERR), si_addr=0x00000000072259d0

Registers:
RAX=0x0000000007225700, RBX=0x0000000007225700, RCX=0x0000000000000021, RDX=0x000000000000000e
RSP=0x00007f9f07224810, RBP=0x00007f9f07224870, RSI=0x000000000000000e, RDI=0x0000000007225700
R8 =0x00007f9f0679adc0, R9 =0x00007f9f0676e520, R10=0x00007f9f07224600, R11=0x00007f9f06e0bb80
R12=0x0000000000000000, R13=0x00000000cca5dd28, R14=0x00007f9f07224908, R15=0x00007f9f00009800
RIP=0x00007f9f06e0bb8e, EFLAGS=0x0000000000010206, CSGSFS=0x0000000000000033, ERR=0x0000000000000004
  TRAPNO=0x000000000000000e

Top of Stack: (sp=0x00007f9f07224810)
0x00007f9f07224810:   0000000007225700 00007f9f0679adc0
0x00007f9f07224820:   00007f9f0676e520 00000000cca5dd28
0x00007f9f07224830:   00007f9f07224870 00007f9ef5654b8c
0x00007f9f07224840:   00000000cca5dd28 072257000000000e
0x00007f9f07224850:   00007f9f07224908 00007f9f000099e8
0x00007f9f07224860:   00007f9f072248d8 0000000007225700
0x00007f9f07224870:   00007f9f072248d8 00007f9efd0127f8
0x00007f9f07224880:   00007f9f0000a6c8 00007f9efd012d09
0x00007f9f07224890:   00007f9f00009800 00007f9f07224898
0x00007f9f072248a0:   00000000cca5dd28 00007f9f07224908
0x00007f9f072248b0:   00000000cca5f348 0000000000000000
0x00007f9f072248c0:   00000000cca5dd28 0000000000000000
0x00007f9f072248d0:   00007f9f072248f8 00007f9f07224950
0x00007f9f072248e0:   00007f9efd006058 0000000000000000
0x00007f9f072248f0:   00007f9efd00ecd8 000000000000000e
0x00007f9f07224900:   0000000007225700 00000000f090f108
0x00007f9f07224910:   00007f9f07224910 00000000cca5e4c9
0x00007f9f07224920:   00007f9f07224970 00000000cca5f348
0x00007f9f07224930:   0000000000000000 00000000cca5e500
0x00007f9f07224940:   00007f9f072248f8 00007f9f07224960
0x00007f9f07224950:   00007f9f072249b8 00007f9efd006058
0x00007f9f07224960:   00000000f090f328 000000000000000e
0x00007f9f07224970:   00000000f090f108 00007f9f07224978
0x00007f9f07224980:   00000000cca5e71d 00007f9f072249d8
0x00007f9f07224990:   00000000cca5f348 0000000000000000
0x00007f9f072249a0:   00000000cca5e738 00007f9f07224960
0x00007f9f072249b0:   00007f9f072249d8 00007f9f07224a40
0x00007f9f072249c0:   00007f9efd0004e7 00000000f090f328
0x00007f9f072249d0:   00000000f090f108 00000000f090f0f8
0x00007f9f072249e0:   00007f9f00001fa0 00007f9f07224d30
0x00007f9f072249f0:   00007f9f07224ac0 00007f9f07224ba0
0x00007f9f07224a00:   00007f9f00009800 00007f9f0000a6c0 

Instructions: (pc=0x00007f9f06e0bb8e)
0x00007f9f06e0bb6e:   54 00 00 48 81 c4 80 00 00 00 eb 98 66 0f 1f 44
0x00007f9f06e0bb7e:   00 00 55 53 48 89 fb 48 83 ec 18 48 85 ff 74 63
0x00007f9f06e0bb8e:   8b 87 d0 02 00 00 85 c0 7e 59 89 f5 89 34 24 31
0x00007f9f06e0bb9e:   c0 be 01 00 00 00 f0 0f b1 b3 18 06 00 00 75 61 

Register to memory mapping:

RAX=0x0000000007225700 is an unknown value
RBX=0x0000000007225700 is an unknown value
RCX=0x0000000000000021 is an unknown value
RDX=0x000000000000000e is an unknown value
RSP=0x00007f9f07224810 is pointing into the stack for thread: 0x00007f9f00009800
RBP=0x00007f9f07224870 is pointing into the stack for thread: 0x00007f9f00009800
RSI=0x000000000000000e is an unknown value
RDI=0x0000000007225700 is an unknown value
R8 =0x00007f9f0679adc0: _itoa_lower_digits+0 in /lib/x86_64-linux-gnu/libc.so.6 at 0x00007f9f06624000
R9 =0x00007f9f0676e520: <offset 0x14a520> in /lib/x86_64-linux-gnu/libc.so.6 at 0x00007f9f06624000
R10=0x00007f9f07224600 is pointing into the stack for thread: 0x00007f9f00009800
R11=0x00007f9f06e0bb80: pthread_setschedprio+0 in /lib/x86_64-linux-gnu/libpthread.so.0 at 0x00007f9f06e02000
R12=0x0000000000000000 is an unknown value
R13=0x00000000cca5dd28 is an oop
{method} 
 - klass: {other class}
R14=0x00007f9f07224908 is pointing into the stack for thread: 0x00007f9f00009800
R15=0x00007f9f00009800 is a thread


Stack: [0x00007f9f07125000,0x00007f9f07226000],  sp=0x00007f9f07224810,  free space=1022k
Native frames: (J=compiled Java code, j=interpreted, Vv=VM code, C=native code)
C  [libpthread.so.0+0x9b8e]  pthread_setschedprio+0xe
j  ThreadDemoChange.ChangePrio2(II)V+0
j  ThreadDemoChange.ChangeThreadPrio(ILThreadDemoChange;)V+41
j  ThreadDemoChange.main([Ljava/lang/String;)V+37
v  ~StubRoutines::call_stub
V  [libjvm.so+0x6020a5]  JavaCalls::call_helper(JavaValue*, methodHandle*, JavaCallArguments*, Thread*)+0x365
V  [libjvm.so+0x600b08]  JavaCalls::call(JavaValue*, methodHandle, JavaCallArguments*, Thread*)+0x28
V  [libjvm.so+0x63abb9]  jni_invoke_static(JNIEnv_*, JavaValue*, _jobject*, JNICallType, _jmethodID*, JNI_ArgumentPusher*, Thread*)+0x219
V  [libjvm.so+0x6437d2]  jni_CallStaticVoidMethod+0x162
C  [libjli.so+0x36d9]  JavaMain+0x7e9

Java frames: (J=compiled Java code, j=interpreted, Vv=VM code)
j  ThreadDemoChange.ChangePrio2(II)V+0
j  ThreadDemoChange.ChangeThreadPrio(ILThreadDemoChange;)V+41
j  ThreadDemoChange.main([Ljava/lang/String;)V+37
v  ~StubRoutines::call_stub

---------------  P R O C E S S  ---------------

Java Threads: ( => current thread )
  0x00007f9f000b8000 JavaThread "Thread-1" [_thread_blocked, id=30549, stack(0x00007f9ef5452000,0x00007f9ef5553000)]
  0x00007f9f000b6000 JavaThread "Thread-0" [_thread_blocked, id=30548, stack(0x00007f9ef5553000,0x00007f9ef5654000)]
  0x00007f9f0009c000 JavaThread "Service Thread" daemon [_thread_blocked, id=30546, stack(0x00007f9ef5957000,0x00007f9ef5a58000)]
  0x00007f9f00099800 JavaThread "C2 CompilerThread1" daemon [_thread_blocked, id=30545, stack(0x00007f9ef5a58000,0x00007f9ef5b59000)]
  0x00007f9f00097000 JavaThread "C2 CompilerThread0" daemon [_thread_blocked, id=30544, stack(0x00007f9ef5b59000,0x00007f9ef5c5a000)]
  0x00007f9f00094800 JavaThread "Signal Dispatcher" daemon [_thread_blocked, id=30543, stack(0x00007f9ef5c5a000,0x00007f9ef5d5b000)]
  0x00007f9f0006b800 JavaThread "Finalizer" daemon [_thread_blocked, id=30542, stack(0x00007f9ef643e000,0x00007f9ef653f000)]
  0x00007f9f00069800 JavaThread "Reference Handler" daemon [_thread_blocked, id=30541, stack(0x00007f9ef653f000,0x00007f9ef6640000)]
=>0x00007f9f00009800 JavaThread "main" [_thread_in_native, id=30537, stack(0x00007f9f07125000,0x00007f9f07226000)]

Other Threads:
  0x00007f9f00065000 VMThread [stack: 0x00007f9efc03b000,0x00007f9efc13c000] [id=30540]
  0x00007f9f000a7000 WatcherThread [stack: 0x00007f9ef5856000,0x00007f9ef5957000] [id=30547]

VM state:not at safepoint (normal execution)

VM Mutex/Monitor currently owned by a thread: None

Heap
 PSYoungGen      total 14336K, used 1280K [0x00000000f0880000, 0x00000000f1800000, 0x0000000100000000)
  eden space 12800K, 10% used [0x00000000f0880000,0x00000000f09c0180,0x00000000f1500000)
  from space 1536K, 0% used [0x00000000f1680000,0x00000000f1680000,0x00000000f1800000)
  to   space 1536K, 0% used [0x00000000f1500000,0x00000000f1500000,0x00000000f1680000)
 ParOldGen       total 31232K, used 0K [0x00000000d1a00000, 0x00000000d3880000, 0x00000000f0880000)
  object space 31232K, 0% used [0x00000000d1a00000,0x00000000d1a00000,0x00000000d3880000)
 PSPermGen       total 21504K, used 2433K [0x00000000cc800000, 0x00000000cdd00000, 0x00000000d1a00000)
  object space 21504K, 11% used [0x00000000cc800000,0x00000000cca605f0,0x00000000cdd00000)

Card table byte_map: [0x00007f9f04272000,0x00007f9f0440f000] byte_map_base: 0x00007f9f03c0e000

Polling page: 0x00007f9f0723f000

Code Cache  [0x00007f9efd000000, 0x00007f9efd270000, 0x00007f9f00000000)
 total_blobs=163 nmethods=0 adapters=133 free_code_cache=48775Kb largest_free_block=49946496

Compilation events (0 events):
No events

GC Heap History (0 events):
No events

Deoptimization events (0 events):
No events

Internal exceptions (2 events):
Event: 0,060 Thread 0x00007f9f00009800 Threw 0x00000000f088f180 at /HUDSON/workspace/7u-2-build-linux-amd64/jdk7u80/2329/hotspot/src/share/vm/prims/jni.cpp:3991
Event: 0,152 Thread 0x00007f9f00009800 Threw 0x00000000f0906cf0 at /HUDSON/workspace/7u-2-build-linux-amd64/jdk7u80/2329/hotspot/src/share/vm/prims/jvm.cpp:1319

Events (10 events):
Event: 0,158 loading class 0x00007f9efcd2e6a0
Event: 0,158 loading class 0x00007f9efcd2e6a0 done
Event: 0,158 loading class 0x00007f9efcd09070
Event: 0,159 loading class 0x00007f9efcd09070 done
Event: 0,159 loading class 0x00007f9efcd15390
Event: 0,159 loading class 0x00007f9efcd15390 done
Event: 0,159 loading class 0x00007f9efcd15330
Event: 0,159 loading class 0x00007f9efcd15330 done
Event: 0,160 Thread 0x00007f9f000b6000 Thread added: 0x00007f9f000b6000
Event: 0,160 Thread 0x00007f9f000b8000 Thread added: 0x00007f9f000b8000


Dynamic libraries:
00400000-00401000 r-xp 00000000 08:01 3031226                            /usr/lib/jvm/java-7-oracle/jre/bin/java
00600000-00601000 rw-p 00000000 08:01 3031226                            /usr/lib/jvm/java-7-oracle/jre/bin/java
01602000-01623000 rw-p 00000000 00:00 0                                  [heap]
cc800000-cdd00000 rw-p 00000000 00:00 0 
cdd00000-d1a00000 rw-p 00000000 00:00 0 
d1a00000-d3880000 rw-p 00000000 00:00 0 
d3880000-f0880000 rw-p 00000000 00:00 0 
f0880000-f1800000 rw-p 00000000 00:00 0 
f1800000-100000000 rw-p 00000000 00:00 0 
7f9ec4000000-7f9ec4021000 rw-p 00000000 00:00 0 
7f9ec4021000-7f9ec8000000 ---p 00000000 00:00 0 
7f9ecc000000-7f9ecc021000 rw-p 00000000 00:00 0 
7f9ecc021000-7f9ed0000000 ---p 00000000 00:00 0 
7f9ed0000000-7f9ed0021000 rw-p 00000000 00:00 0 
7f9ed0021000-7f9ed4000000 ---p 00000000 00:00 0 
7f9ed4000000-7f9ed4021000 rw-p 00000000 00:00 0 
7f9ed4021000-7f9ed8000000 ---p 00000000 00:00 0 
7f9ed8000000-7f9ed8021000 rw-p 00000000 00:00 0 
7f9ed8021000-7f9edc000000 ---p 00000000 00:00 0 
7f9edc000000-7f9edc021000 rw-p 00000000 00:00 0 
7f9edc021000-7f9ee0000000 ---p 00000000 00:00 0 
7f9ee0000000-7f9ee0021000 rw-p 00000000 00:00 0 
7f9ee0021000-7f9ee4000000 ---p 00000000 00:00 0 
7f9ee4000000-7f9ee4021000 rw-p 00000000 00:00 0 
7f9ee4021000-7f9ee8000000 ---p 00000000 00:00 0 
7f9ee8000000-7f9ee8021000 rw-p 00000000 00:00 0 
7f9ee8021000-7f9eec000000 ---p 00000000 00:00 0 
7f9eec000000-7f9eec021000 rw-p 00000000 00:00 0 
7f9eec021000-7f9ef0000000 ---p 00000000 00:00 0 
7f9ef0000000-7f9ef0021000 rw-p 00000000 00:00 0 
7f9ef0021000-7f9ef4000000 ---p 00000000 00:00 0 
7f9ef5209000-7f9ef5452000 rw-p 00000000 00:00 0 
7f9ef5452000-7f9ef5455000 ---p 00000000 00:00 0 
7f9ef5455000-7f9ef5553000 rw-p 00000000 00:00 0                          [stack:30549]
7f9ef5553000-7f9ef5556000 ---p 00000000 00:00 0 
7f9ef5556000-7f9ef5654000 rw-p 00000000 00:00 0                          [stack:30548]
7f9ef5654000-7f9ef5655000 r-xp 00000000 08:01 1719778                    /home/emeraude/Bureau/JNI2504/ChangeThread/Change/Thread2804/libThreadDemoChange.so
7f9ef5655000-7f9ef5854000 ---p 00001000 08:01 1719778                    /home/emeraude/Bureau/JNI2504/ChangeThread/Change/Thread2804/libThreadDemoChange.so
7f9ef5854000-7f9ef5855000 r--p 00000000 08:01 1719778                    /home/emeraude/Bureau/JNI2504/ChangeThread/Change/Thread2804/libThreadDemoChange.so
7f9ef5855000-7f9ef5856000 rw-p 00001000 08:01 1719778                    /home/emeraude/Bureau/JNI2504/ChangeThread/Change/Thread2804/libThreadDemoChange.so
7f9ef5856000-7f9ef5857000 ---p 00000000 00:00 0 
7f9ef5857000-7f9ef5957000 rw-p 00000000 00:00 0                          [stack:30547]
7f9ef5957000-7f9ef595a000 ---p 00000000 00:00 0 
7f9ef595a000-7f9ef5a58000 rw-p 00000000 00:00 0                          [stack:30546]
7f9ef5a58000-7f9ef5a5b000 ---p 00000000 00:00 0 
7f9ef5a5b000-7f9ef5b59000 rw-p 00000000 00:00 0                          [stack:30545]
7f9ef5b59000-7f9ef5b5c000 ---p 00000000 00:00 0 
7f9ef5b5c000-7f9ef5c5a000 rw-p 00000000 00:00 0                          [stack:30544]
7f9ef5c5a000-7f9ef5c5d000 ---p 00000000 00:00 0 
7f9ef5c5d000-7f9ef5d5b000 rw-p 00000000 00:00 0                          [stack:30543]
7f9ef5d5b000-7f9ef643e000 r--p 00000000 08:01 3022683                    /usr/lib/locale/locale-archive
7f9ef643e000-7f9ef6441000 ---p 00000000 00:00 0 
7f9ef6441000-7f9ef653f000 rw-p 00000000 00:00 0                          [stack:30542]
7f9ef653f000-7f9ef6542000 ---p 00000000 00:00 0 
7f9ef6542000-7f9ef8000000 rw-p 00000000 00:00 0                          [stack:30541]
7f9ef8000000-7f9ef8021000 rw-p 00000000 00:00 0 
7f9ef8021000-7f9efc000000 ---p 00000000 00:00 0 
7f9efc03b000-7f9efc03c000 ---p 00000000 00:00 0 
7f9efc03c000-7f9efcad2000 rw-p 00000000 00:00 0                          [stack:30540]
7f9efcad2000-7f9efcc92000 r--s 039fb000 08:01 3031693                    /usr/lib/jvm/java-7-oracle/jre/lib/rt.jar
7f9efcc92000-7f9efceff000 rw-p 00000000 00:00 0 
7f9efceff000-7f9efcf00000 ---p 00000000 00:00 0 
7f9efcf00000-7f9efd000000 rw-p 00000000 00:00 0                          [stack:30539]
7f9efd000000-7f9efd270000 rwxp 00000000 00:00 0 
7f9efd270000-7f9f000c4000 rw-p 00000000 00:00 0 
7f9f000c4000-7f9f04000000 ---p 00000000 00:00 0 
7f9f04007000-7f9f04050000 rw-p 00000000 00:00 0 
7f9f04050000-7f9f04051000 ---p 00000000 00:00 0 
7f9f04051000-7f9f0415c000 rw-p 00000000 00:00 0                          [stack:30538]
7f9f0415c000-7f9f0417a000 rw-p 00000000 00:00 0 
7f9f0417a000-7f9f0418a000 rw-p 00000000 00:00 0 
7f9f0418a000-7f9f04272000 rw-p 00000000 00:00 0 
7f9f04272000-7f9f0427d000 rw-p 00000000 00:00 0 
7f9f0427d000-7f9f0429b000 rw-p 00000000 00:00 0 
7f9f0429b000-7f9f042ab000 rw-p 00000000 00:00 0 
7f9f042ab000-7f9f04392000 rw-p 00000000 00:00 0 
7f9f04392000-7f9f0439a000 rw-p 00000000 00:00 0 
7f9f0439a000-7f9f0440e000 rw-p 00000000 00:00 0 
7f9f0440e000-7f9f0440f000 rw-p 00000000 00:00 0 
7f9f0440f000-7f9f04426000 r-xp 00000000 08:01 3031759                    /usr/lib/jvm/java-7-oracle/jre/lib/amd64/libzip.so
7f9f04426000-7f9f04626000 ---p 00017000 08:01 3031759                    /usr/lib/jvm/java-7-oracle/jre/lib/amd64/libzip.so
7f9f04626000-7f9f04627000 rw-p 00017000 08:01 3031759                    /usr/lib/jvm/java-7-oracle/jre/lib/amd64/libzip.so
7f9f04627000-7f9f04632000 r-xp 00000000 08:01 266644                     /lib/x86_64-linux-gnu/libnss_files-2.19.so
7f9f04632000-7f9f04831000 ---p 0000b000 08:01 266644                     /lib/x86_64-linux-gnu/libnss_files-2.19.so
7f9f04831000-7f9f04832000 r--p 0000a000 08:01 266644                     /lib/x86_64-linux-gnu/libnss_files-2.19.so
7f9f04832000-7f9f04833000 rw-p 0000b000 08:01 266644                     /lib/x86_64-linux-gnu/libnss_files-2.19.so
7f9f04833000-7f9f0483e000 r-xp 00000000 08:01 266654                     /lib/x86_64-linux-gnu/libnss_nis-2.19.so
7f9f0483e000-7f9f04a3d000 ---p 0000b000 08:01 266654                     /lib/x86_64-linux-gnu/libnss_nis-2.19.so
7f9f04a3d000-7f9f04a3e000 r--p 0000a000 08:01 266654                     /lib/x86_64-linux-gnu/libnss_nis-2.19.so
7f9f04a3e000-7f9f04a3f000 rw-p 0000b000 08:01 266654                     /lib/x86_64-linux-gnu/libnss_nis-2.19.so
7f9f04a3f000-7f9f04a56000 r-xp 00000000 08:01 266638                     /lib/x86_64-linux-gnu/libnsl-2.19.so
7f9f04a56000-7f9f04c55000 ---p 00017000 08:01 266638                     /lib/x86_64-linux-gnu/libnsl-2.19.so
7f9f04c55000-7f9f04c56000 r--p 00016000 08:01 266638                     /lib/x86_64-linux-gnu/libnsl-2.19.so
7f9f04c56000-7f9f04c57000 rw-p 00017000 08:01 266638                     /lib/x86_64-linux-gnu/libnsl-2.19.so
7f9f04c57000-7f9f04c59000 rw-p 00000000 00:00 0 
7f9f04c59000-7f9f04c62000 r-xp 00000000 08:01 266640                     /lib/x86_64-linux-gnu/libnss_compat-2.19.so
7f9f04c62000-7f9f04e61000 ---p 00009000 08:01 266640                     /lib/x86_64-linux-gnu/libnss_compat-2.19.so
7f9f04e61000-7f9f04e62000 r--p 00008000 08:01 266640                     /lib/x86_64-linux-gnu/libnss_compat-2.19.so
7f9f04e62000-7f9f04e63000 rw-p 00009000 08:01 266640                     /lib/x86_64-linux-gnu/libnss_compat-2.19.so
7f9f04e63000-7f9f04e8c000 r-xp 00000000 08:01 3031717                    /usr/lib/jvm/java-7-oracle/jre/lib/amd64/libjava.so
7f9f04e8c000-7f9f0508c000 ---p 00029000 08:01 3031717                    /usr/lib/jvm/java-7-oracle/jre/lib/amd64/libjava.so
7f9f0508c000-7f9f0508e000 rw-p 00029000 08:01 3031717                    /usr/lib/jvm/java-7-oracle/jre/lib/amd64/libjava.so
7f9f0508e000-7f9f0509b000 r-xp 00000000 08:01 3031700                    /usr/lib/jvm/java-7-oracle/jre/lib/amd64/libverify.so
7f9f0509b000-7f9f0529a000 ---p 0000d000 08:01 3031700                    /usr/lib/jvm/java-7-oracle/jre/lib/amd64/libverify.so
7f9f0529a000-7f9f0529c000 rw-p 0000c000 08:01 3031700                    /usr/lib/jvm/java-7-oracle/jre/lib/amd64/libverify.so
7f9f0529c000-7f9f052a3000 r-xp 00000000 08:01 266697                     /lib/x86_64-linux-gnu/librt-2.19.so
7f9f052a3000-7f9f054a2000 ---p 00007000 08:01 266697                     /lib/x86_64-linux-gnu/librt-2.19.so
7f9f054a2000-7f9f054a3000 r--p 00006000 08:01 266697                     /lib/x86_64-linux-gnu/librt-2.19.so
7f9f054a3000-7f9f054a4000 rw-p 00007000 08:01 266697                     /lib/x86_64-linux-gnu/librt-2.19.so
7f9f054a4000-7f9f055a9000 r-xp 00000000 08:01 266619                     /lib/x86_64-linux-gnu/libm-2.19.so
7f9f055a9000-7f9f057a8000 ---p 00105000 08:01 266619                     /lib/x86_64-linux-gnu/libm-2.19.so
7f9f057a8000-7f9f057a9000 r--p 00104000 08:01 266619                     /lib/x86_64-linux-gnu/libm-2.19.so
7f9f057a9000-7f9f057aa000 rw-p 00105000 08:01 266619                     /lib/x86_64-linux-gnu/libm-2.19.so
7f9f057aa000-7f9f06320000 r-xp 00000000 08:01 3031747                    /usr/lib/jvm/java-7-oracle/jre/lib/amd64/server/libjvm.so
7f9f06320000-7f9f0651f000 ---p 00b76000 08:01 3031747                    /usr/lib/jvm/java-7-oracle/jre/lib/amd64/server/libjvm.so
7f9f0651f000-7f9f065e3000 rw-p 00b75000 08:01 3031747                    /usr/lib/jvm/java-7-oracle/jre/lib/amd64/server/libjvm.so
7f9f065e3000-7f9f06624000 rw-p 00000000 00:00 0 
7f9f06624000-7f9f067df000 r-xp 00000000 08:01 266569                     /lib/x86_64-linux-gnu/libc-2.19.so
7f9f067df000-7f9f069de000 ---p 001bb000 08:01 266569                     /lib/x86_64-linux-gnu/libc-2.19.so
7f9f069de000-7f9f069e2000 r--p 001ba000 08:01 266569                     /lib/x86_64-linux-gnu/libc-2.19.so
7f9f069e2000-7f9f069e4000 rw-p 001be000 08:01 266569                     /lib/x86_64-linux-gnu/libc-2.19.so
7f9f069e4000-7f9f069e9000 rw-p 00000000 00:00 0 
7f9f069e9000-7f9f069ec000 r-xp 00000000 08:01 266586                     /lib/x86_64-linux-gnu/libdl-2.19.so
7f9f069ec000-7f9f06beb000 ---p 00003000 08:01 266586                     /lib/x86_64-linux-gnu/libdl-2.19.so
7f9f06beb000-7f9f06bec000 r--p 00002000 08:01 266586                     /lib/x86_64-linux-gnu/libdl-2.19.so
7f9f06bec000-7f9f06bed000 rw-p 00003000 08:01 266586                     /lib/x86_64-linux-gnu/libdl-2.19.so
7f9f06bed000-7f9f06c02000 r-xp 00000000 08:01 3031726                    /usr/lib/jvm/java-7-oracle/jre/lib/amd64/jli/libjli.so
7f9f06c02000-7f9f06e01000 ---p 00015000 08:01 3031726                    /usr/lib/jvm/java-7-oracle/jre/lib/amd64/jli/libjli.so
7f9f06e01000-7f9f06e02000 rw-p 00014000 08:01 3031726                    /usr/lib/jvm/java-7-oracle/jre/lib/amd64/jli/libjli.so
7f9f06e02000-7f9f06e1b000 r-xp 00000000 08:01 266689                     /lib/x86_64-linux-gnu/libpthread-2.19.so
7f9f06e1b000-7f9f0701a000 ---p 00019000 08:01 266689                     /lib/x86_64-linux-gnu/libpthread-2.19.so
7f9f0701a000-7f9f0701b000 r--p 00018000 08:01 266689                     /lib/x86_64-linux-gnu/libpthread-2.19.so
7f9f0701b000-7f9f0701c000 rw-p 00019000 08:01 266689                     /lib/x86_64-linux-gnu/libpthread-2.19.so
7f9f0701c000-7f9f07020000 rw-p 00000000 00:00 0 
7f9f07020000-7f9f07043000 r-xp 00000000 08:01 266545                     /lib/x86_64-linux-gnu/ld-2.19.so
7f9f07054000-7f9f0706f000 rw-p 00000000 00:00 0 
7f9f0706f000-7f9f07125000 rw-p 00000000 00:00 0 
7f9f07125000-7f9f07128000 ---p 00000000 00:00 0 
7f9f07128000-7f9f0722a000 rw-p 00000000 00:00 0                          [stack:30537]
7f9f07233000-7f9f07236000 rw-p 00000000 00:00 0 
7f9f07236000-7f9f0723e000 rw-s 00000000 08:01 2490379                    /tmp/hsperfdata_root/30536
7f9f0723e000-7f9f0723f000 rw-p 00000000 00:00 0 
7f9f0723f000-7f9f07240000 r--p 00000000 00:00 0 
7f9f07240000-7f9f07242000 rw-p 00000000 00:00 0 
7f9f07242000-7f9f07243000 r--p 00022000 08:01 266545                     /lib/x86_64-linux-gnu/ld-2.19.so
7f9f07243000-7f9f07244000 rw-p 00023000 08:01 266545                     /lib/x86_64-linux-gnu/ld-2.19.so
7f9f07244000-7f9f07245000 rw-p 00000000 00:00 0 
7ffe8c8fc000-7ffe8c91d000 rw-p 00000000 00:00 0                          [stack]
7ffe8c9fc000-7ffe8c9fe000 r--p 00000000 00:00 0                          [vvar]
7ffe8c9fe000-7ffe8ca00000 r-xp 00000000 00:00 0                          [vdso]
ffffffffff600000-ffffffffff601000 r-xp 00000000 00:00 0                  [vsyscall]

VM Arguments:
java_command: ThreadDemoChange
Launcher Type: SUN_STANDARD

Environment Variables:
PATH=/usr/local/sbin:/usr/local/bin:/usr/sbin:/usr/bin:/sbin:/bin:/usr/games:/usr/local/games
USERNAME=root
LD_LIBRARY_PATH=/home/emeraude/Bureau/JNI2504/ChangeThread/Change/Thread2804/
SHELL=/bin/bash
DISPLAY=:0

Signal Handlers:
SIGSEGV: [libjvm.so+0x9a3b20], sa_mask[0]=0x7ffbfeff, sa_flags=0x10000004
SIGBUS: [libjvm.so+0x9a3b20], sa_mask[0]=0x7ffbfeff, sa_flags=0x10000004
SIGFPE: [libjvm.so+0x81e740], sa_mask[0]=0x7ffbfeff, sa_flags=0x10000004
SIGPIPE: [libjvm.so+0x81e740], sa_mask[0]=0x7ffbfeff, sa_flags=0x10000004
SIGXFSZ: [libjvm.so+0x81e740], sa_mask[0]=0x7ffbfeff, sa_flags=0x10000004
SIGILL: [libjvm.so+0x81e740], sa_mask[0]=0x7ffbfeff, sa_flags=0x10000004
SIGUSR1: SIG_DFL, sa_mask[0]=0x00000000, sa_flags=0x00000000
SIGUSR2: [libjvm.so+0x81ffb0], sa_mask[0]=0x00000000, sa_flags=0x10000004
SIGHUP: [libjvm.so+0x8210d0], sa_mask[0]=0x7ffbfeff, sa_flags=0x10000004
SIGINT: [libjvm.so+0x8210d0], sa_mask[0]=0x7ffbfeff, sa_flags=0x10000004
SIGTERM: [libjvm.so+0x8210d0], sa_mask[0]=0x7ffbfeff, sa_flags=0x10000004
SIGQUIT: [libjvm.so+0x8210d0], sa_mask[0]=0x7ffbfeff, sa_flags=0x10000004


---------------  S Y S T E M  ---------------

OS:jessie/sid

uname:Linux 3.19.0-25-generic #26~14.04.1-Ubuntu SMP Fri Jul 24 21:16:20 UTC 2015 x86_64
libc:glibc 2.19 NPTL 2.19 
rlimit: STACK 8192k, CORE 0k, NPROC 11762, NOFILE 4096, AS infinity
load average:0,20 0,31 0,49

/proc/meminfo:
MemTotal:        3032528 kB
MemFree:          568440 kB
MemAvailable:     715292 kB
Buffers:           16956 kB
Cached:           720052 kB
SwapCached:        52924 kB
Active:          1676640 kB
Inactive:         641196 kB
Active(anon):    1498588 kB
Inactive(anon):   580108 kB
Active(file):     178052 kB
Inactive(file):    61088 kB
Unevictable:          16 kB
Mlocked:              16 kB
SwapTotal:       3094524 kB
SwapFree:        2495104 kB
Dirty:               336 kB
Writeback:             0 kB
AnonPages:       1573524 kB
Mapped:           132884 kB
Shmem:            497868 kB
Slab:              71332 kB
SReclaimable:      40672 kB
SUnreclaim:        30660 kB
KernelStack:        8080 kB
PageTables:        36708 kB
NFS_Unstable:          0 kB
Bounce:                0 kB
WritebackTmp:          0 kB
CommitLimit:     4610788 kB
Committed_AS:    6528040 kB
VmallocTotal:   34359738367 kB
VmallocUsed:      347428 kB
VmallocChunk:   34359383644 kB
HardwareCorrupted:     0 kB
AnonHugePages:    522240 kB
CmaTotal:              0 kB
CmaFree:               0 kB
HugePages_Total:       0
HugePages_Free:        0
HugePages_Rsvd:        0
HugePages_Surp:        0
Hugepagesize:       2048 kB
DirectMap4k:      110900 kB
DirectMap2M:     2985984 kB


CPU:total 2 (2 cores per cpu, 1 threads per core) family 6 model 23 stepping 10, cmov, cx8, fxsr, mmx, sse, sse2, sse3, ssse3, sse4.1, tsc

/proc/cpuinfo:
processor	: 0
vendor_id	: GenuineIntel
cpu family	: 6
model		: 23
model name	: Intel(R) Core(TM)2 Duo CPU     U9600  @ 1.60GHz
stepping	: 10
microcode	: 0xa07
cpu MHz		: 1601.000
cache size	: 3072 KB
physical id	: 0
siblings	: 2
core id		: 0
cpu cores	: 2
apicid		: 0
initial apicid	: 0
fpu		: yes
fpu_exception	: yes
cpuid level	: 13
wp		: yes
flags		: fpu vme de pse tsc msr pae mce cx8 apic sep mtrr pge mca cmov pat pse36 clflush dts acpi mmx fxsr sse sse2 ss ht tm pbe syscall nx lm constant_tsc arch_perfmon pebs bts rep_good nopl aperfmperf pni dtes64 monitor ds_cpl vmx smx est tm2 ssse3 cx16 xtpr pdcm sse4_1 xsave lahf_lm ida dtherm tpr_shadow vnmi flexpriority
bugs		:
bogomips	: 3189.79
clflush size	: 64
cache_alignment	: 64
address sizes	: 36 bits physical, 48 bits virtual
power management:

processor	: 1
vendor_id	: GenuineIntel
cpu family	: 6
model		: 23
model name	: Intel(R) Core(TM)2 Duo CPU     U9600  @ 1.60GHz
stepping	: 10
microcode	: 0xa07
cpu MHz		: 1601.000
cache size	: 3072 KB
physical id	: 0
siblings	: 2
core id		: 1
cpu cores	: 2
apicid		: 1
initial apicid	: 1
fpu		: yes
fpu_exception	: yes
cpuid level	: 13
wp		: yes
flags		: fpu vme de pse tsc msr pae mce cx8 apic sep mtrr pge mca cmov pat pse36 clflush dts acpi mmx fxsr sse sse2 ss ht tm pbe syscall nx lm constant_tsc arch_perfmon pebs bts rep_good nopl aperfmperf pni dtes64 monitor ds_cpl vmx smx est tm2 ssse3 cx16 xtpr pdcm sse4_1 xsave lahf_lm ida dtherm tpr_shadow vnmi flexpriority
bugs		:
bogomips	: 3189.79
clflush size	: 64
cache_alignment	: 64
address sizes	: 36 bits physical, 48 bits virtual
power management:



Memory: 4k page, physical 3032528k(568440k free), swap 3094524k(2495104k free)

vm_info: Java HotSpot(TM) 64-Bit Server VM (24.80-b11) for linux-amd64 JRE (1.7.0_80-b15), built on Apr 10 2015 19:53:14 by "java_re" with gcc 4.3.0 20080428 (Red Hat 4.3.0-8)

time: Thu Apr 28 17:17:34 2016
elapsed time: 0 seconds

