#
# A fatal error has been detected by the Java Runtime Environment:
#
#  SIGSEGV (0xb) at pc=0x00007f14c313fb8e, pid=970, tid=139727153239808
#
# JRE version: Java(TM) SE Runtime Environment (7.0_80-b15) (build 1.7.0_80-b15)
# Java VM: Java HotSpot(TM) 64-Bit Server VM (24.80-b11 mixed mode linux-amd64 compressed oops)
# Problematic frame:
# C  [libpthread.so.0+0x9b8e]  pthread_setschedprio+0xe
#
# Failed to write core dump. Core dumps have been disabled. To enable core dumping, try "ulimit -c unlimited" before starting Java again
#
# If you would like to submit a bug report, please visit:
#   http://bugreport.java.com/bugreport/crash.jsp
# The crash happened outside the Java Virtual Machine in native code.
# See problematic frame for where to report the bug.
#

---------------  T H R E A D  ---------------

Current thread (0x00007f14bc009800):  JavaThread "main" [_thread_in_native, id=971, stack(0x00007f14c3459000,0x00007f14c355a000)]

siginfo:si_signo=SIGSEGV: si_errno=0, si_code=1 (SEGV_MAPERR), si_addr=0xffffffffc35599d0

Registers:
RAX=0xffffffffc3559700, RBX=0xffffffffc3559700, RCX=0x000000000000002e, RDX=0x000000000000000e
RSP=0x00007f14c3558810, RBP=0x00007f14c3558870, RSI=0x000000000000000e, RDI=0xffffffffc3559700
R8 =0x00007f14c2acedc0, R9 =0x00007f14c2aa2520, R10=0x00007f14c3558600, R11=0x00007f14c313fb80
R12=0x0000000000000000, R13=0x00000000cca5dd28, R14=0x00007f14c3558908, R15=0x00007f14bc009800
RIP=0x00007f14c313fb8e, EFLAGS=0x0000000000010286, CSGSFS=0x0000000000000033, ERR=0x0000000000000005
  TRAPNO=0x000000000000000e

Top of Stack: (sp=0x00007f14c3558810)
0x00007f14c3558810:   ffffffffc3559700 00007f14c2acedc0
0x00007f14c3558820:   00007f14c2aa2520 00000000cca5dd28
0x00007f14c3558830:   00007f14c3558870 00007f14b59b1b8c
0x00007f14c3558840:   00000000cca5dd28 c35597000000000e
0x00007f14c3558850:   00007f14c3558908 00007f14bc0099e8
0x00007f14c3558860:   00007f14c35588d8 ffffffffc3559700
0x00007f14c3558870:   00007f14c35588d8 00007f14b90127f8
0x00007f14c3558880:   00007f14bc00a6c8 00007f14b9012d09
0x00007f14c3558890:   00007f14bc009800 00007f14c3558898
0x00007f14c35588a0:   00000000cca5dd28 00007f14c3558908
0x00007f14c35588b0:   00000000cca5f348 0000000000000000
0x00007f14c35588c0:   00000000cca5dd28 0000000000000000
0x00007f14c35588d0:   00007f14c35588f8 00007f14c3558950
0x00007f14c35588e0:   00007f14b9006058 0000000000000000
0x00007f14c35588f0:   00007f14b900ecd8 000000000000000e
0x00007f14c3558900:   00000000c3559700 00000000f090f088
0x00007f14c3558910:   00007f14c3558910 00000000cca5e4c9
0x00007f14c3558920:   00007f14c3558970 00000000cca5f348
0x00007f14c3558930:   0000000000000000 00000000cca5e500
0x00007f14c3558940:   00007f14c35588f8 00007f14c3558960
0x00007f14c3558950:   00007f14c35589b8 00007f14b9006058
0x00007f14c3558960:   00000000f090f2a8 000000000000000e
0x00007f14c3558970:   00000000f090f088 00007f14c3558978
0x00007f14c3558980:   00000000cca5e71d 00007f14c35589d8
0x00007f14c3558990:   00000000cca5f348 0000000000000000
0x00007f14c35589a0:   00000000cca5e738 00007f14c3558960
0x00007f14c35589b0:   00007f14c35589d8 00007f14c3558a40
0x00007f14c35589c0:   00007f14b90004e7 00000000f090f2a8
0x00007f14c35589d0:   00000000f090f088 00000000f090f078
0x00007f14c35589e0:   00007f1400001fa0 00007f14c3558d30
0x00007f14c35589f0:   00007f14c3558ac0 00007f14c3558ba0
0x00007f14c3558a00:   00007f14bc009800 00007f14bc00a6c0 

Instructions: (pc=0x00007f14c313fb8e)
0x00007f14c313fb6e:   54 00 00 48 81 c4 80 00 00 00 eb 98 66 0f 1f 44
0x00007f14c313fb7e:   00 00 55 53 48 89 fb 48 83 ec 18 48 85 ff 74 63
0x00007f14c313fb8e:   8b 87 d0 02 00 00 85 c0 7e 59 89 f5 89 34 24 31
0x00007f14c313fb9e:   c0 be 01 00 00 00 f0 0f b1 b3 18 06 00 00 75 61 

Register to memory mapping:

RAX=0xffffffffc3559700 is an unknown value
RBX=0xffffffffc3559700 is an unknown value
RCX=0x000000000000002e is an unknown value
RDX=0x000000000000000e is an unknown value
RSP=0x00007f14c3558810 is pointing into the stack for thread: 0x00007f14bc009800
RBP=0x00007f14c3558870 is pointing into the stack for thread: 0x00007f14bc009800
RSI=0x000000000000000e is an unknown value
RDI=0xffffffffc3559700 is an unknown value
R8 =0x00007f14c2acedc0: _itoa_lower_digits+0 in /lib/x86_64-linux-gnu/libc.so.6 at 0x00007f14c2958000
R9 =0x00007f14c2aa2520: <offset 0x14a520> in /lib/x86_64-linux-gnu/libc.so.6 at 0x00007f14c2958000
R10=0x00007f14c3558600 is pointing into the stack for thread: 0x00007f14bc009800
R11=0x00007f14c313fb80: pthread_setschedprio+0 in /lib/x86_64-linux-gnu/libpthread.so.0 at 0x00007f14c3136000
R12=0x0000000000000000 is an unknown value
R13=0x00000000cca5dd28 is an oop
{method} 
 - klass: {other class}
R14=0x00007f14c3558908 is pointing into the stack for thread: 0x00007f14bc009800
R15=0x00007f14bc009800 is a thread


Stack: [0x00007f14c3459000,0x00007f14c355a000],  sp=0x00007f14c3558810,  free space=1022k
Native frames: (J=compiled Java code, j=interpreted, Vv=VM code, C=native code)
C  [libpthread.so.0+0x9b8e]  pthread_setschedprio+0xe
j  ThreadDemoChange.ChangePrio2(II)V+0
j  ThreadDemoChange.ChangeThreadPrio(ILThreadDemoChange;)V+41
j  ThreadDemoChange.main([Ljava/lang/String;)V+37
v  ~StubRoutines::call_stub
V  [libjvm.so+0x6020a5]  JavaCalls::call_helper(JavaValue*, methodHandle*, JavaCallArguments*, Thread*)+0x365
V  [libjvm.so+0x600b08]  JavaCalls::call(JavaValue*, methodHandle, JavaCallArguments*, Thread*)+0x28
V  [libjvm.so+0x63abb9]  jni_invoke_static(JNIEnv_*, JavaValue*, _jobject*, JNICallType, _jmethodID*, JNI_ArgumentPusher*, Thread*)+0x219
V  [libjvm.so+0x6437d2]  jni_CallStaticVoidMethod+0x162
C  [libjli.so+0x36d9]  JavaMain+0x7e9

Java frames: (J=compiled Java code, j=interpreted, Vv=VM code)
j  ThreadDemoChange.ChangePrio2(II)V+0
j  ThreadDemoChange.ChangeThreadPrio(ILThreadDemoChange;)V+41
j  ThreadDemoChange.main([Ljava/lang/String;)V+37
v  ~StubRoutines::call_stub

---------------  P R O C E S S  ---------------

Java Threads: ( => current thread )
  0x00007f14bc0b0000 JavaThread "Thread-1" [_thread_blocked, id=983, stack(0x00007f14b57af000,0x00007f14b58b0000)]
  0x00007f14bc0ae000 JavaThread "Thread-0" [_thread_blocked, id=982, stack(0x00007f14b58b0000,0x00007f14b59b1000)]
  0x00007f14bc094000 JavaThread "Service Thread" daemon [_thread_blocked, id=980, stack(0x00007f14b5cb4000,0x00007f14b5db5000)]
  0x00007f14bc091800 JavaThread "C2 CompilerThread1" daemon [_thread_blocked, id=979, stack(0x00007f14b5db5000,0x00007f14b5eb6000)]
  0x00007f14bc08e800 JavaThread "C2 CompilerThread0" daemon [_thread_blocked, id=978, stack(0x00007f14b5eb6000,0x00007f14b5fb7000)]
  0x00007f14bc08c800 JavaThread "Signal Dispatcher" daemon [_thread_blocked, id=977, stack(0x00007f14b5fb7000,0x00007f14b60b8000)]
  0x00007f14bc06b800 JavaThread "Finalizer" daemon [_thread_blocked, id=976, stack(0x00007f14b679b000,0x00007f14b689c000)]
  0x00007f14bc069800 JavaThread "Reference Handler" daemon [_thread_blocked, id=975, stack(0x00007f14b689c000,0x00007f14b699d000)]
=>0x00007f14bc009800 JavaThread "main" [_thread_in_native, id=971, stack(0x00007f14c3459000,0x00007f14c355a000)]

Other Threads:
  0x00007f14bc065000 VMThread [stack: 0x00007f14b699d000,0x00007f14b6a9e000] [id=974]
  0x00007f14bc09e800 WatcherThread [stack: 0x00007f14b5bb3000,0x00007f14b5cb4000] [id=981]

VM state:not at safepoint (normal execution)

VM Mutex/Monitor currently owned by a thread: None

Heap
 PSYoungGen      total 14336K, used 1280K [0x00000000f0880000, 0x00000000f1800000, 0x0000000100000000)
  eden space 12800K, 10% used [0x00000000f0880000,0x00000000f09c01b0,0x00000000f1500000)
  from space 1536K, 0% used [0x00000000f1680000,0x00000000f1680000,0x00000000f1800000)
  to   space 1536K, 0% used [0x00000000f1500000,0x00000000f1500000,0x00000000f1680000)
 ParOldGen       total 31232K, used 0K [0x00000000d1a00000, 0x00000000d3880000, 0x00000000f0880000)
  object space 31232K, 0% used [0x00000000d1a00000,0x00000000d1a00000,0x00000000d3880000)
 PSPermGen       total 21504K, used 2433K [0x00000000cc800000, 0x00000000cdd00000, 0x00000000d1a00000)
  object space 21504K, 11% used [0x00000000cc800000,0x00000000cca605f0,0x00000000cdd00000)

Card table byte_map: [0x00007f14c05a6000,0x00007f14c0743000] byte_map_base: 0x00007f14bff42000

Polling page: 0x00007f14c3573000

Code Cache  [0x00007f14b9000000, 0x00007f14b9270000, 0x00007f14bc000000)
 total_blobs=163 nmethods=0 adapters=133 free_code_cache=48775Kb largest_free_block=49946496

Compilation events (0 events):
No events

GC Heap History (0 events):
No events

Deoptimization events (0 events):
No events

Internal exceptions (2 events):
Event: 0,161 Thread 0x00007f14bc009800 Threw 0x00000000f088f0c8 at /HUDSON/workspace/7u-2-build-linux-amd64/jdk7u80/2329/hotspot/src/share/vm/prims/jni.cpp:3991
Event: 0,287 Thread 0x00007f14bc009800 Threw 0x00000000f0906c70 at /HUDSON/workspace/7u-2-build-linux-amd64/jdk7u80/2329/hotspot/src/share/vm/prims/jvm.cpp:1319

Events (10 events):
Event: 0,299 loading class 0x00007f14c008a6a0
Event: 0,299 loading class 0x00007f14c008a6a0 done
Event: 0,300 loading class 0x00007f14c0065070
Event: 0,300 loading class 0x00007f14c0065070 done
Event: 0,301 loading class 0x00007f14c0071390
Event: 0,301 loading class 0x00007f14c0071390 done
Event: 0,303 loading class 0x00007f14c0071330
Event: 0,303 loading class 0x00007f14c0071330 done
Event: 0,303 Thread 0x00007f14bc0ae000 Thread added: 0x00007f14bc0ae000
Event: 0,303 Thread 0x00007f14bc0b0000 Thread added: 0x00007f14bc0b0000


Dynamic libraries:
00400000-00401000 r-xp 00000000 08:01 3031226                            /usr/lib/jvm/java-7-oracle/jre/bin/java
00600000-00601000 rw-p 00000000 08:01 3031226                            /usr/lib/jvm/java-7-oracle/jre/bin/java
01d09000-01d2a000 rw-p 00000000 00:00 0                                  [heap]
cc800000-cdd00000 rw-p 00000000 00:00 0 
cdd00000-d1a00000 rw-p 00000000 00:00 0 
d1a00000-d3880000 rw-p 00000000 00:00 0 
d3880000-f0880000 rw-p 00000000 00:00 0 
f0880000-f1800000 rw-p 00000000 00:00 0 
f1800000-100000000 rw-p 00000000 00:00 0 
7f1480000000-7f1480021000 rw-p 00000000 00:00 0 
7f1480021000-7f1484000000 ---p 00000000 00:00 0 
7f1488000000-7f1488021000 rw-p 00000000 00:00 0 
7f1488021000-7f148c000000 ---p 00000000 00:00 0 
7f148c000000-7f148c021000 rw-p 00000000 00:00 0 
7f148c021000-7f1490000000 ---p 00000000 00:00 0 
7f1490000000-7f1490021000 rw-p 00000000 00:00 0 
7f1490021000-7f1494000000 ---p 00000000 00:00 0 
7f1494000000-7f1494021000 rw-p 00000000 00:00 0 
7f1494021000-7f1498000000 ---p 00000000 00:00 0 
7f1498000000-7f1498021000 rw-p 00000000 00:00 0 
7f1498021000-7f149c000000 ---p 00000000 00:00 0 
7f149c000000-7f149c021000 rw-p 00000000 00:00 0 
7f149c021000-7f14a0000000 ---p 00000000 00:00 0 
7f14a0000000-7f14a0021000 rw-p 00000000 00:00 0 
7f14a0021000-7f14a4000000 ---p 00000000 00:00 0 
7f14a4000000-7f14a4021000 rw-p 00000000 00:00 0 
7f14a4021000-7f14a8000000 ---p 00000000 00:00 0 
7f14a8000000-7f14a8021000 rw-p 00000000 00:00 0 
7f14a8021000-7f14ac000000 ---p 00000000 00:00 0 
7f14ac000000-7f14ac021000 rw-p 00000000 00:00 0 
7f14ac021000-7f14b0000000 ---p 00000000 00:00 0 
7f14b0000000-7f14b0021000 rw-p 00000000 00:00 0 
7f14b0021000-7f14b4000000 ---p 00000000 00:00 0 
7f14b5566000-7f14b57af000 rw-p 00000000 00:00 0 
7f14b57af000-7f14b57b2000 ---p 00000000 00:00 0 
7f14b57b2000-7f14b58b0000 rw-p 00000000 00:00 0                          [stack:983]
7f14b58b0000-7f14b58b3000 ---p 00000000 00:00 0 
7f14b58b3000-7f14b59b1000 rw-p 00000000 00:00 0                          [stack:982]
7f14b59b1000-7f14b59b2000 r-xp 00000000 08:01 1719778                    /home/emeraude/Bureau/JNI2504/ChangeThread/Change/Thread2804/libThreadDemoChange.so
7f14b59b2000-7f14b5bb1000 ---p 00001000 08:01 1719778                    /home/emeraude/Bureau/JNI2504/ChangeThread/Change/Thread2804/libThreadDemoChange.so
7f14b5bb1000-7f14b5bb2000 r--p 00000000 08:01 1719778                    /home/emeraude/Bureau/JNI2504/ChangeThread/Change/Thread2804/libThreadDemoChange.so
7f14b5bb2000-7f14b5bb3000 rw-p 00001000 08:01 1719778                    /home/emeraude/Bureau/JNI2504/ChangeThread/Change/Thread2804/libThreadDemoChange.so
7f14b5bb3000-7f14b5bb4000 ---p 00000000 00:00 0 
7f14b5bb4000-7f14b5cb4000 rw-p 00000000 00:00 0                          [stack:981]
7f14b5cb4000-7f14b5cb7000 ---p 00000000 00:00 0 
7f14b5cb7000-7f14b5db5000 rw-p 00000000 00:00 0                          [stack:980]
7f14b5db5000-7f14b5db8000 ---p 00000000 00:00 0 
7f14b5db8000-7f14b5eb6000 rw-p 00000000 00:00 0                          [stack:979]
7f14b5eb6000-7f14b5eb9000 ---p 00000000 00:00 0 
7f14b5eb9000-7f14b5fb7000 rw-p 00000000 00:00 0                          [stack:978]
7f14b5fb7000-7f14b5fba000 ---p 00000000 00:00 0 
7f14b5fba000-7f14b60b8000 rw-p 00000000 00:00 0                          [stack:977]
7f14b60b8000-7f14b679b000 r--p 00000000 08:01 3022683                    /usr/lib/locale/locale-archive
7f14b679b000-7f14b679e000 ---p 00000000 00:00 0 
7f14b679e000-7f14b689c000 rw-p 00000000 00:00 0                          [stack:976]
7f14b689c000-7f14b689f000 ---p 00000000 00:00 0 
7f14b689f000-7f14b699d000 rw-p 00000000 00:00 0                          [stack:975]
7f14b699d000-7f14b699e000 ---p 00000000 00:00 0 
7f14b699e000-7f14b740a000 rw-p 00000000 00:00 0                          [stack:974]
7f14b740a000-7f14b75ca000 r--s 039fb000 08:01 3031693                    /usr/lib/jvm/java-7-oracle/jre/lib/rt.jar
7f14b75ca000-7f14b9000000 rw-p 00000000 00:00 0 
7f14b9000000-7f14b9270000 rwxp 00000000 00:00 0 
7f14b9270000-7f14bc0bc000 rw-p 00000000 00:00 0 
7f14bc0bc000-7f14c0000000 ---p 00000000 00:00 0 
7f14c0019000-7f14c0283000 rw-p 00000000 00:00 0 
7f14c0283000-7f14c0284000 ---p 00000000 00:00 0 
7f14c0284000-7f14c0384000 rw-p 00000000 00:00 0                          [stack:973]
7f14c0384000-7f14c0385000 ---p 00000000 00:00 0 
7f14c0385000-7f14c0490000 rw-p 00000000 00:00 0                          [stack:972]
7f14c0490000-7f14c04ae000 rw-p 00000000 00:00 0 
7f14c04ae000-7f14c04be000 rw-p 00000000 00:00 0 
7f14c04be000-7f14c05a6000 rw-p 00000000 00:00 0 
7f14c05a6000-7f14c05b1000 rw-p 00000000 00:00 0 
7f14c05b1000-7f14c05cf000 rw-p 00000000 00:00 0 
7f14c05cf000-7f14c05df000 rw-p 00000000 00:00 0 
7f14c05df000-7f14c06c6000 rw-p 00000000 00:00 0 
7f14c06c6000-7f14c06ce000 rw-p 00000000 00:00 0 
7f14c06ce000-7f14c0742000 rw-p 00000000 00:00 0 
7f14c0742000-7f14c0743000 rw-p 00000000 00:00 0 
7f14c0743000-7f14c075a000 r-xp 00000000 08:01 3031759                    /usr/lib/jvm/java-7-oracle/jre/lib/amd64/libzip.so
7f14c075a000-7f14c095a000 ---p 00017000 08:01 3031759                    /usr/lib/jvm/java-7-oracle/jre/lib/amd64/libzip.so
7f14c095a000-7f14c095b000 rw-p 00017000 08:01 3031759                    /usr/lib/jvm/java-7-oracle/jre/lib/amd64/libzip.so
7f14c095b000-7f14c0966000 r-xp 00000000 08:01 266644                     /lib/x86_64-linux-gnu/libnss_files-2.19.so
7f14c0966000-7f14c0b65000 ---p 0000b000 08:01 266644                     /lib/x86_64-linux-gnu/libnss_files-2.19.so
7f14c0b65000-7f14c0b66000 r--p 0000a000 08:01 266644                     /lib/x86_64-linux-gnu/libnss_files-2.19.so
7f14c0b66000-7f14c0b67000 rw-p 0000b000 08:01 266644                     /lib/x86_64-linux-gnu/libnss_files-2.19.so
7f14c0b67000-7f14c0b72000 r-xp 00000000 08:01 266654                     /lib/x86_64-linux-gnu/libnss_nis-2.19.so
7f14c0b72000-7f14c0d71000 ---p 0000b000 08:01 266654                     /lib/x86_64-linux-gnu/libnss_nis-2.19.so
7f14c0d71000-7f14c0d72000 r--p 0000a000 08:01 266654                     /lib/x86_64-linux-gnu/libnss_nis-2.19.so
7f14c0d72000-7f14c0d73000 rw-p 0000b000 08:01 266654                     /lib/x86_64-linux-gnu/libnss_nis-2.19.so
7f14c0d73000-7f14c0d8a000 r-xp 00000000 08:01 266638                     /lib/x86_64-linux-gnu/libnsl-2.19.so
7f14c0d8a000-7f14c0f89000 ---p 00017000 08:01 266638                     /lib/x86_64-linux-gnu/libnsl-2.19.so
7f14c0f89000-7f14c0f8a000 r--p 00016000 08:01 266638                     /lib/x86_64-linux-gnu/libnsl-2.19.so
7f14c0f8a000-7f14c0f8b000 rw-p 00017000 08:01 266638                     /lib/x86_64-linux-gnu/libnsl-2.19.so
7f14c0f8b000-7f14c0f8d000 rw-p 00000000 00:00 0 
7f14c0f8d000-7f14c0f96000 r-xp 00000000 08:01 266640                     /lib/x86_64-linux-gnu/libnss_compat-2.19.so
7f14c0f96000-7f14c1195000 ---p 00009000 08:01 266640                     /lib/x86_64-linux-gnu/libnss_compat-2.19.so
7f14c1195000-7f14c1196000 r--p 00008000 08:01 266640                     /lib/x86_64-linux-gnu/libnss_compat-2.19.so
7f14c1196000-7f14c1197000 rw-p 00009000 08:01 266640                     /lib/x86_64-linux-gnu/libnss_compat-2.19.so
7f14c1197000-7f14c11c0000 r-xp 00000000 08:01 3031717                    /usr/lib/jvm/java-7-oracle/jre/lib/amd64/libjava.so
7f14c11c0000-7f14c13c0000 ---p 00029000 08:01 3031717                    /usr/lib/jvm/java-7-oracle/jre/lib/amd64/libjava.so
7f14c13c0000-7f14c13c2000 rw-p 00029000 08:01 3031717                    /usr/lib/jvm/java-7-oracle/jre/lib/amd64/libjava.so
7f14c13c2000-7f14c13cf000 r-xp 00000000 08:01 3031700                    /usr/lib/jvm/java-7-oracle/jre/lib/amd64/libverify.so
7f14c13cf000-7f14c15ce000 ---p 0000d000 08:01 3031700                    /usr/lib/jvm/java-7-oracle/jre/lib/amd64/libverify.so
7f14c15ce000-7f14c15d0000 rw-p 0000c000 08:01 3031700                    /usr/lib/jvm/java-7-oracle/jre/lib/amd64/libverify.so
7f14c15d0000-7f14c15d7000 r-xp 00000000 08:01 266697                     /lib/x86_64-linux-gnu/librt-2.19.so
7f14c15d7000-7f14c17d6000 ---p 00007000 08:01 266697                     /lib/x86_64-linux-gnu/librt-2.19.so
7f14c17d6000-7f14c17d7000 r--p 00006000 08:01 266697                     /lib/x86_64-linux-gnu/librt-2.19.so
7f14c17d7000-7f14c17d8000 rw-p 00007000 08:01 266697                     /lib/x86_64-linux-gnu/librt-2.19.so
7f14c17d8000-7f14c18dd000 r-xp 00000000 08:01 266619                     /lib/x86_64-linux-gnu/libm-2.19.so
7f14c18dd000-7f14c1adc000 ---p 00105000 08:01 266619                     /lib/x86_64-linux-gnu/libm-2.19.so
7f14c1adc000-7f14c1add000 r--p 00104000 08:01 266619                     /lib/x86_64-linux-gnu/libm-2.19.so
7f14c1add000-7f14c1ade000 rw-p 00105000 08:01 266619                     /lib/x86_64-linux-gnu/libm-2.19.so
7f14c1ade000-7f14c2654000 r-xp 00000000 08:01 3031747                    /usr/lib/jvm/java-7-oracle/jre/lib/amd64/server/libjvm.so
7f14c2654000-7f14c2853000 ---p 00b76000 08:01 3031747                    /usr/lib/jvm/java-7-oracle/jre/lib/amd64/server/libjvm.so
7f14c2853000-7f14c2917000 rw-p 00b75000 08:01 3031747                    /usr/lib/jvm/java-7-oracle/jre/lib/amd64/server/libjvm.so
7f14c2917000-7f14c2958000 rw-p 00000000 00:00 0 
7f14c2958000-7f14c2b13000 r-xp 00000000 08:01 266569                     /lib/x86_64-linux-gnu/libc-2.19.so
7f14c2b13000-7f14c2d12000 ---p 001bb000 08:01 266569                     /lib/x86_64-linux-gnu/libc-2.19.so
7f14c2d12000-7f14c2d16000 r--p 001ba000 08:01 266569                     /lib/x86_64-linux-gnu/libc-2.19.so
7f14c2d16000-7f14c2d18000 rw-p 001be000 08:01 266569                     /lib/x86_64-linux-gnu/libc-2.19.so
7f14c2d18000-7f14c2d1d000 rw-p 00000000 00:00 0 
7f14c2d1d000-7f14c2d20000 r-xp 00000000 08:01 266586                     /lib/x86_64-linux-gnu/libdl-2.19.so
7f14c2d20000-7f14c2f1f000 ---p 00003000 08:01 266586                     /lib/x86_64-linux-gnu/libdl-2.19.so
7f14c2f1f000-7f14c2f20000 r--p 00002000 08:01 266586                     /lib/x86_64-linux-gnu/libdl-2.19.so
7f14c2f20000-7f14c2f21000 rw-p 00003000 08:01 266586                     /lib/x86_64-linux-gnu/libdl-2.19.so
7f14c2f21000-7f14c2f36000 r-xp 00000000 08:01 3031726                    /usr/lib/jvm/java-7-oracle/jre/lib/amd64/jli/libjli.so
7f14c2f36000-7f14c3135000 ---p 00015000 08:01 3031726                    /usr/lib/jvm/java-7-oracle/jre/lib/amd64/jli/libjli.so
7f14c3135000-7f14c3136000 rw-p 00014000 08:01 3031726                    /usr/lib/jvm/java-7-oracle/jre/lib/amd64/jli/libjli.so
7f14c3136000-7f14c314f000 r-xp 00000000 08:01 266689                     /lib/x86_64-linux-gnu/libpthread-2.19.so
7f14c314f000-7f14c334e000 ---p 00019000 08:01 266689                     /lib/x86_64-linux-gnu/libpthread-2.19.so
7f14c334e000-7f14c334f000 r--p 00018000 08:01 266689                     /lib/x86_64-linux-gnu/libpthread-2.19.so
7f14c334f000-7f14c3350000 rw-p 00019000 08:01 266689                     /lib/x86_64-linux-gnu/libpthread-2.19.so
7f14c3350000-7f14c3354000 rw-p 00000000 00:00 0 
7f14c3354000-7f14c3377000 r-xp 00000000 08:01 266545                     /lib/x86_64-linux-gnu/ld-2.19.so
7f14c3388000-7f14c33a3000 rw-p 00000000 00:00 0 
7f14c33a3000-7f14c3459000 rw-p 00000000 00:00 0 
7f14c3459000-7f14c345c000 ---p 00000000 00:00 0 
7f14c345c000-7f14c355e000 rw-p 00000000 00:00 0                          [stack:971]
7f14c3567000-7f14c356a000 rw-p 00000000 00:00 0 
7f14c356a000-7f14c3572000 rw-s 00000000 08:01 2490379                    /tmp/hsperfdata_root/970
7f14c3572000-7f14c3573000 rw-p 00000000 00:00 0 
7f14c3573000-7f14c3574000 r--p 00000000 00:00 0 
7f14c3574000-7f14c3576000 rw-p 00000000 00:00 0 
7f14c3576000-7f14c3577000 r--p 00022000 08:01 266545                     /lib/x86_64-linux-gnu/ld-2.19.so
7f14c3577000-7f14c3578000 rw-p 00023000 08:01 266545                     /lib/x86_64-linux-gnu/ld-2.19.so
7f14c3578000-7f14c3579000 rw-p 00000000 00:00 0 
7fff6b629000-7fff6b64a000 rw-p 00000000 00:00 0                          [stack]
7fff6b704000-7fff6b706000 r--p 00000000 00:00 0                          [vvar]
7fff6b706000-7fff6b708000 r-xp 00000000 00:00 0                          [vdso]
ffffffffff600000-ffffffffff601000 r-xp 00000000 00:00 0                  [vsyscall]

VM Arguments:
java_command: ThreadDemoChange
Launcher Type: SUN_STANDARD

Environment Variables:
PATH=/usr/local/sbin:/usr/local/bin:/usr/sbin:/usr/bin:/sbin:/bin:/usr/games:/usr/local/games
USERNAME=root
LD_LIBRARY_PATH=/home/emeraude/Bureau/JNI2504/ChangeThread/Change/Thread2804/
SHELL=/bin/bash
DISPLAY=:0

Signal Handlers:
SIGSEGV: [libjvm.so+0x9a3b20], sa_mask[0]=0x7ffbfeff, sa_flags=0x10000004
SIGBUS: [libjvm.so+0x9a3b20], sa_mask[0]=0x7ffbfeff, sa_flags=0x10000004
SIGFPE: [libjvm.so+0x81e740], sa_mask[0]=0x7ffbfeff, sa_flags=0x10000004
SIGPIPE: [libjvm.so+0x81e740], sa_mask[0]=0x7ffbfeff, sa_flags=0x10000004
SIGXFSZ: [libjvm.so+0x81e740], sa_mask[0]=0x7ffbfeff, sa_flags=0x10000004
SIGILL: [libjvm.so+0x81e740], sa_mask[0]=0x7ffbfeff, sa_flags=0x10000004
SIGUSR1: SIG_DFL, sa_mask[0]=0x00000000, sa_flags=0x00000000
SIGUSR2: [libjvm.so+0x81ffb0], sa_mask[0]=0x00000000, sa_flags=0x10000004
SIGHUP: [libjvm.so+0x8210d0], sa_mask[0]=0x7ffbfeff, sa_flags=0x10000004
SIGINT: [libjvm.so+0x8210d0], sa_mask[0]=0x7ffbfeff, sa_flags=0x10000004
SIGTERM: [libjvm.so+0x8210d0], sa_mask[0]=0x7ffbfeff, sa_flags=0x10000004
SIGQUIT: [libjvm.so+0x8210d0], sa_mask[0]=0x7ffbfeff, sa_flags=0x10000004


---------------  S Y S T E M  ---------------

OS:jessie/sid

uname:Linux 3.19.0-25-generic #26~14.04.1-Ubuntu SMP Fri Jul 24 21:16:20 UTC 2015 x86_64
libc:glibc 2.19 NPTL 2.19 
rlimit: STACK 8192k, CORE 0k, NPROC 11762, NOFILE 4096, AS infinity
load average:0,00 0,06 0,08

/proc/meminfo:
MemTotal:        3032528 kB
MemFree:          288740 kB
MemAvailable:     641332 kB
Buffers:           79300 kB
Cached:           832300 kB
SwapCached:        52552 kB
Active:          1858280 kB
Inactive:         705488 kB
Active(anon):    1664268 kB
Inactive(anon):   471508 kB
Active(file):     194012 kB
Inactive(file):   233980 kB
Unevictable:          16 kB
Mlocked:              16 kB
SwapTotal:       3094524 kB
SwapFree:        2508876 kB
Dirty:               424 kB
Writeback:             0 kB
AnonPages:       1643480 kB
Mapped:           147496 kB
Shmem:            483644 kB
Slab:             105048 kB
SReclaimable:      74444 kB
SUnreclaim:        30604 kB
KernelStack:        8176 kB
PageTables:        36940 kB
NFS_Unstable:          0 kB
Bounce:                0 kB
WritebackTmp:          0 kB
CommitLimit:     4610788 kB
Committed_AS:    6512624 kB
VmallocTotal:   34359738367 kB
VmallocUsed:      347420 kB
VmallocChunk:   34359383644 kB
HardwareCorrupted:     0 kB
AnonHugePages:    907264 kB
CmaTotal:              0 kB
CmaFree:               0 kB
HugePages_Total:       0
HugePages_Free:        0
HugePages_Rsvd:        0
HugePages_Surp:        0
Hugepagesize:       2048 kB
DirectMap4k:      110900 kB
DirectMap2M:     2985984 kB


CPU:total 2 (2 cores per cpu, 1 threads per core) family 6 model 23 stepping 10, cmov, cx8, fxsr, mmx, sse, sse2, sse3, ssse3, sse4.1, tsc

/proc/cpuinfo:
processor	: 0
vendor_id	: GenuineIntel
cpu family	: 6
model		: 23
model name	: Intel(R) Core(TM)2 Duo CPU     U9600  @ 1.60GHz
stepping	: 10
microcode	: 0xa07
cpu MHz		: 1601.000
cache size	: 3072 KB
physical id	: 0
siblings	: 2
core id		: 0
cpu cores	: 2
apicid		: 0
initial apicid	: 0
fpu		: yes
fpu_exception	: yes
cpuid level	: 13
wp		: yes
flags		: fpu vme de pse tsc msr pae mce cx8 apic sep mtrr pge mca cmov pat pse36 clflush dts acpi mmx fxsr sse sse2 ss ht tm pbe syscall nx lm constant_tsc arch_perfmon pebs bts rep_good nopl aperfmperf pni dtes64 monitor ds_cpl vmx smx est tm2 ssse3 cx16 xtpr pdcm sse4_1 xsave lahf_lm ida dtherm tpr_shadow vnmi flexpriority
bugs		:
bogomips	: 3189.79
clflush size	: 64
cache_alignment	: 64
address sizes	: 36 bits physical, 48 bits virtual
power management:

processor	: 1
vendor_id	: GenuineIntel
cpu family	: 6
model		: 23
model name	: Intel(R) Core(TM)2 Duo CPU     U9600  @ 1.60GHz
stepping	: 10
microcode	: 0xa07
cpu MHz		: 1601.000
cache size	: 3072 KB
physical id	: 0
siblings	: 2
core id		: 1
cpu cores	: 2
apicid		: 1
initial apicid	: 1
fpu		: yes
fpu_exception	: yes
cpuid level	: 13
wp		: yes
flags		: fpu vme de pse tsc msr pae mce cx8 apic sep mtrr pge mca cmov pat pse36 clflush dts acpi mmx fxsr sse sse2 ss ht tm pbe syscall nx lm constant_tsc arch_perfmon pebs bts rep_good nopl aperfmperf pni dtes64 monitor ds_cpl vmx smx est tm2 ssse3 cx16 xtpr pdcm sse4_1 xsave lahf_lm ida dtherm tpr_shadow vnmi flexpriority
bugs		:
bogomips	: 3189.79
clflush size	: 64
cache_alignment	: 64
address sizes	: 36 bits physical, 48 bits virtual
power management:



Memory: 4k page, physical 3032528k(288740k free), swap 3094524k(2508876k free)

vm_info: Java HotSpot(TM) 64-Bit Server VM (24.80-b11) for linux-amd64 JRE (1.7.0_80-b15), built on Apr 10 2015 19:53:14 by "java_re" with gcc 4.3.0 20080428 (Red Hat 4.3.0-8)

time: Fri Apr 29 13:14:26 2016
elapsed time: 0 seconds

