#
# A fatal error has been detected by the Java Runtime Environment:
#
#  SIGSEGV (0xb) at pc=0x00007f9f37435ab0, pid=20082, tid=140321807988480
#
# JRE version: Java(TM) SE Runtime Environment (7.0_80-b15) (build 1.7.0_80-b15)
# Java VM: Java HotSpot(TM) 64-Bit Server VM (24.80-b11 mixed mode linux-amd64 compressed oops)
# Problematic frame:
# C  [libpthread.so.0+0x9ab0]  pthread_setschedparam+0x10
#
# Failed to write core dump. Core dumps have been disabled. To enable core dumping, try "ulimit -c unlimited" before starting Java again
#
# If you would like to submit a bug report, please visit:
#   http://bugreport.java.com/bugreport/crash.jsp
# The crash happened outside the Java Virtual Machine in native code.
# See problematic frame for where to report the bug.
#

---------------  T H R E A D  ---------------

Current thread (0x00007f9f30009800):  JavaThread "main" [_thread_in_native, id=20083, stack(0x00007f9f3774f000,0x00007f9f37850000)]

siginfo:si_signo=SIGSEGV: si_errno=0, si_code=1 (SEGV_MAPERR), si_addr=0x000000003784f9d0

Registers:
RAX=0x000000003784f700, RBX=0x000000003784f700, RCX=0x0000000000000021, RDX=0x00007f9f29e4b0ac
RSP=0x00007f9f3784e7c0, RBP=0x00007f9f3784e870, RSI=0x0000000000000002, RDI=0x000000003784f700
R8 =0x00007f9f36dc4dc0, R9 =0x00007f9f36d98520, R10=0x00007f9f3784e5b0, R11=0x00007f9f37435aa0
R12=0x0000000000000000, R13=0x00000000cca5dd28, R14=0x00007f9f3784e908, R15=0x00007f9f30009800
RIP=0x00007f9f37435ab0, EFLAGS=0x0000000000010206, CSGSFS=0x0000000000000033, ERR=0x0000000000000004
  TRAPNO=0x000000000000000e

Top of Stack: (sp=0x00007f9f3784e7c0)
0x00007f9f3784e7c0:   000000003784f700 00007f9f36dc4dc0
0x00007f9f3784e7d0:   00000000cca5dd28 00007f9f3784e870
0x00007f9f3784e7e0:   0000000000000000 00007f9f29c49dfa
0x00007f9f3784e7f0:   00007f9f2d005310 3784f7000000000e
0x00007f9f3784e800:   00007f9f3784e908 00007f9f300099e8
0x00007f9f3784e810:   00007f9f3784eac0 00000000300070f0
0x00007f9f3784e820:   00007f9f3784e860 000000003784f700
0x00007f9f3784e830:   0000000000000000 0000000000000000
0x00007f9f3784e840:   0000000000001000 0000000000000000
0x00007f9f3784e850:   0000000000000000 0000000000000000
0x00007f9f3784e860:   0000000000000000 b2a6379c4ed50400
0x00007f9f3784e870:   00007f9f3784e8d8 00007f9f2d0127f8
0x00007f9f3784e880:   00007f9f3000a6c8 00007f9f2d012d09
0x00007f9f3784e890:   00007f9f30009800 00007f9f3784e898
0x00007f9f3784e8a0:   00000000cca5dd28 00007f9f3784e908
0x00007f9f3784e8b0:   00000000cca5f348 0000000000000000
0x00007f9f3784e8c0:   00000000cca5dd28 0000000000000000
0x00007f9f3784e8d0:   00007f9f3784e8f8 00007f9f3784e950
0x00007f9f3784e8e0:   00007f9f2d006058 0000000000000000
0x00007f9f3784e8f0:   00007f9f2d00ecd8 000000000000000e
0x00007f9f3784e900:   000000003784f700 00000000f090f108
0x00007f9f3784e910:   00007f9f3784e910 00000000cca5e4c9
0x00007f9f3784e920:   00007f9f3784e970 00000000cca5f348
0x00007f9f3784e930:   0000000000000000 00000000cca5e500
0x00007f9f3784e940:   00007f9f3784e8f8 00007f9f3784e960
0x00007f9f3784e950:   00007f9f3784e9b8 00007f9f2d006058
0x00007f9f3784e960:   00000000f090f328 000000000000000e
0x00007f9f3784e970:   00000000f090f108 00007f9f3784e978
0x00007f9f3784e980:   00000000cca5e71d 00007f9f3784e9d8
0x00007f9f3784e990:   00000000cca5f348 0000000000000000
0x00007f9f3784e9a0:   00000000cca5e738 00007f9f3784e960
0x00007f9f3784e9b0:   00007f9f3784e9d8 00007f9f3784ea40 

Instructions: (pc=0x00007f9f37435ab0)
0x00007f9f37435a90:   00 e9 2f ff ff ff 66 2e 0f 1f 84 00 00 00 00 00
0x00007f9f37435aa0:   41 54 55 53 48 89 fb 48 83 ec 10 48 85 ff 74 6d
0x00007f9f37435ab0:   8b 87 d0 02 00 00 85 c0 7e 63 41 89 f4 48 89 d5
0x00007f9f37435ac0:   be 01 00 00 00 31 c0 f0 0f b1 b3 18 06 00 00 75 

Register to memory mapping:

RAX=0x000000003784f700 is an unknown value
RBX=0x000000003784f700 is an unknown value
RCX=0x0000000000000021 is an unknown value
RDX=0x00007f9f29e4b0ac: param+0 in /home/emeraude/Bureau/JNI2504/ChangeThread/Change/Thread2804/libThreadDemoChange.so at 0x00007f9f29c49000
RSP=0x00007f9f3784e7c0 is pointing into the stack for thread: 0x00007f9f30009800
RBP=0x00007f9f3784e870 is pointing into the stack for thread: 0x00007f9f30009800
RSI=0x0000000000000002 is an unknown value
RDI=0x000000003784f700 is an unknown value
R8 =0x00007f9f36dc4dc0: _itoa_lower_digits+0 in /lib/x86_64-linux-gnu/libc.so.6 at 0x00007f9f36c4e000
R9 =0x00007f9f36d98520: <offset 0x14a520> in /lib/x86_64-linux-gnu/libc.so.6 at 0x00007f9f36c4e000
R10=0x00007f9f3784e5b0 is pointing into the stack for thread: 0x00007f9f30009800
R11=0x00007f9f37435aa0: pthread_setschedparam+0 in /lib/x86_64-linux-gnu/libpthread.so.0 at 0x00007f9f3742c000
R12=0x0000000000000000 is an unknown value
R13=0x00000000cca5dd28 is an oop
{method} 
 - klass: {other class}
R14=0x00007f9f3784e908 is pointing into the stack for thread: 0x00007f9f30009800
R15=0x00007f9f30009800 is a thread


Stack: [0x00007f9f3774f000,0x00007f9f37850000],  sp=0x00007f9f3784e7c0,  free space=1021k
Native frames: (J=compiled Java code, j=interpreted, Vv=VM code, C=native code)
C  [libpthread.so.0+0x9ab0]  pthread_setschedparam+0x10
j  ThreadDemoChange.ChangePrio2(II)V+0
j  ThreadDemoChange.ChangeThreadPrio(ILThreadDemoChange;)V+41
j  ThreadDemoChange.main([Ljava/lang/String;)V+37
v  ~StubRoutines::call_stub
V  [libjvm.so+0x6020a5]  JavaCalls::call_helper(JavaValue*, methodHandle*, JavaCallArguments*, Thread*)+0x365
V  [libjvm.so+0x600b08]  JavaCalls::call(JavaValue*, methodHandle, JavaCallArguments*, Thread*)+0x28
V  [libjvm.so+0x63abb9]  jni_invoke_static(JNIEnv_*, JavaValue*, _jobject*, JNICallType, _jmethodID*, JNI_ArgumentPusher*, Thread*)+0x219
V  [libjvm.so+0x6437d2]  jni_CallStaticVoidMethod+0x162
C  [libjli.so+0x36d9]  JavaMain+0x7e9

Java frames: (J=compiled Java code, j=interpreted, Vv=VM code)
j  ThreadDemoChange.ChangePrio2(II)V+0
j  ThreadDemoChange.ChangeThreadPrio(ILThreadDemoChange;)V+41
j  ThreadDemoChange.main([Ljava/lang/String;)V+37
v  ~StubRoutines::call_stub

---------------  P R O C E S S  ---------------

Java Threads: ( => current thread )
  0x00007f9f300b0000 JavaThread "Thread-1" [_thread_blocked, id=20095, stack(0x00007f9f29a47000,0x00007f9f29b48000)]
  0x00007f9f300ae800 JavaThread "Thread-0" [_thread_blocked, id=20094, stack(0x00007f9f29b48000,0x00007f9f29c49000)]
  0x00007f9f30094000 JavaThread "Service Thread" daemon [_thread_blocked, id=20092, stack(0x00007f9f29f4d000,0x00007f9f2a04e000)]
  0x00007f9f30091800 JavaThread "C2 CompilerThread1" daemon [_thread_blocked, id=20091, stack(0x00007f9f2a04e000,0x00007f9f2a14f000)]
  0x00007f9f3008f000 JavaThread "C2 CompilerThread0" daemon [_thread_blocked, id=20090, stack(0x00007f9f2a14f000,0x00007f9f2a250000)]
  0x00007f9f3008c800 JavaThread "Signal Dispatcher" daemon [_thread_blocked, id=20089, stack(0x00007f9f2a250000,0x00007f9f2a351000)]
  0x00007f9f3006b800 JavaThread "Finalizer" daemon [_thread_blocked, id=20088, stack(0x00007f9f2aa34000,0x00007f9f2ab35000)]
  0x00007f9f30069800 JavaThread "Reference Handler" daemon [_thread_blocked, id=20087, stack(0x00007f9f2ab35000,0x00007f9f2ac36000)]
=>0x00007f9f30009800 JavaThread "main" [_thread_in_native, id=20083, stack(0x00007f9f3774f000,0x00007f9f37850000)]

Other Threads:
  0x00007f9f30065000 VMThread [stack: 0x00007f9f2ac36000,0x00007f9f2ad37000] [id=20086]
  0x00007f9f300a7000 WatcherThread [stack: 0x00007f9f29e4c000,0x00007f9f29f4d000] [id=20093]

VM state:not at safepoint (normal execution)

VM Mutex/Monitor currently owned by a thread: None

Heap
 PSYoungGen      total 14336K, used 1280K [0x00000000f0880000, 0x00000000f1800000, 0x0000000100000000)
  eden space 12800K, 10% used [0x00000000f0880000,0x00000000f09c0180,0x00000000f1500000)
  from space 1536K, 0% used [0x00000000f1680000,0x00000000f1680000,0x00000000f1800000)
  to   space 1536K, 0% used [0x00000000f1500000,0x00000000f1500000,0x00000000f1680000)
 ParOldGen       total 31232K, used 0K [0x00000000d1a00000, 0x00000000d3880000, 0x00000000f0880000)
  object space 31232K, 0% used [0x00000000d1a00000,0x00000000d1a00000,0x00000000d3880000)
 PSPermGen       total 21504K, used 2433K [0x00000000cc800000, 0x00000000cdd00000, 0x00000000d1a00000)
  object space 21504K, 11% used [0x00000000cc800000,0x00000000cca605f0,0x00000000cdd00000)

Card table byte_map: [0x00007f9f3489c000,0x00007f9f34a39000] byte_map_base: 0x00007f9f34238000

Polling page: 0x00007f9f37869000

Code Cache  [0x00007f9f2d000000, 0x00007f9f2d270000, 0x00007f9f30000000)
 total_blobs=163 nmethods=0 adapters=133 free_code_cache=48775Kb largest_free_block=49946496

Compilation events (0 events):
No events

GC Heap History (0 events):
No events

Deoptimization events (0 events):
No events

Internal exceptions (2 events):
Event: 0,038 Thread 0x00007f9f30009800 Threw 0x00000000f088f180 at /HUDSON/workspace/7u-2-build-linux-amd64/jdk7u80/2329/hotspot/src/share/vm/prims/jni.cpp:3991
Event: 0,084 Thread 0x00007f9f30009800 Threw 0x00000000f0906cf0 at /HUDSON/workspace/7u-2-build-linux-amd64/jdk7u80/2329/hotspot/src/share/vm/prims/jvm.cpp:1319

Events (10 events):
Event: 0,090 loading class 0x00007f9f343806a0
Event: 0,090 loading class 0x00007f9f343806a0 done
Event: 0,091 loading class 0x00007f9f3435b070
Event: 0,091 loading class 0x00007f9f3435b070 done
Event: 0,091 loading class 0x00007f9f34367390
Event: 0,091 loading class 0x00007f9f34367390 done
Event: 0,091 loading class 0x00007f9f34367330
Event: 0,091 loading class 0x00007f9f34367330 done
Event: 0,092 Thread 0x00007f9f300ae800 Thread added: 0x00007f9f300ae800
Event: 0,092 Thread 0x00007f9f300b0000 Thread added: 0x00007f9f300b0000


Dynamic libraries:
00400000-00401000 r-xp 00000000 08:01 3031226                            /usr/lib/jvm/java-7-oracle/jre/bin/java
00600000-00601000 rw-p 00000000 08:01 3031226                            /usr/lib/jvm/java-7-oracle/jre/bin/java
0147f000-014a0000 rw-p 00000000 00:00 0                                  [heap]
cc800000-cdd00000 rw-p 00000000 00:00 0 
cdd00000-d1a00000 rw-p 00000000 00:00 0 
d1a00000-d3880000 rw-p 00000000 00:00 0 
d3880000-f0880000 rw-p 00000000 00:00 0 
f0880000-f1800000 rw-p 00000000 00:00 0 
f1800000-100000000 rw-p 00000000 00:00 0 
7f9ef4000000-7f9ef4021000 rw-p 00000000 00:00 0 
7f9ef4021000-7f9ef8000000 ---p 00000000 00:00 0 
7f9efc000000-7f9efc021000 rw-p 00000000 00:00 0 
7f9efc021000-7f9f00000000 ---p 00000000 00:00 0 
7f9f00000000-7f9f00021000 rw-p 00000000 00:00 0 
7f9f00021000-7f9f04000000 ---p 00000000 00:00 0 
7f9f04000000-7f9f04021000 rw-p 00000000 00:00 0 
7f9f04021000-7f9f08000000 ---p 00000000 00:00 0 
7f9f08000000-7f9f08021000 rw-p 00000000 00:00 0 
7f9f08021000-7f9f0c000000 ---p 00000000 00:00 0 
7f9f0c000000-7f9f0c021000 rw-p 00000000 00:00 0 
7f9f0c021000-7f9f10000000 ---p 00000000 00:00 0 
7f9f10000000-7f9f10021000 rw-p 00000000 00:00 0 
7f9f10021000-7f9f14000000 ---p 00000000 00:00 0 
7f9f14000000-7f9f14021000 rw-p 00000000 00:00 0 
7f9f14021000-7f9f18000000 ---p 00000000 00:00 0 
7f9f18000000-7f9f18021000 rw-p 00000000 00:00 0 
7f9f18021000-7f9f1c000000 ---p 00000000 00:00 0 
7f9f1c000000-7f9f1c021000 rw-p 00000000 00:00 0 
7f9f1c021000-7f9f20000000 ---p 00000000 00:00 0 
7f9f20000000-7f9f20021000 rw-p 00000000 00:00 0 
7f9f20021000-7f9f24000000 ---p 00000000 00:00 0 
7f9f24000000-7f9f24021000 rw-p 00000000 00:00 0 
7f9f24021000-7f9f28000000 ---p 00000000 00:00 0 
7f9f297fe000-7f9f29a47000 rw-p 00000000 00:00 0 
7f9f29a47000-7f9f29a4a000 ---p 00000000 00:00 0 
7f9f29a4a000-7f9f29b48000 rw-p 00000000 00:00 0                          [stack:20095]
7f9f29b48000-7f9f29b4b000 ---p 00000000 00:00 0 
7f9f29b4b000-7f9f29c49000 rw-p 00000000 00:00 0                          [stack:20094]
7f9f29c49000-7f9f29c4b000 r-xp 00000000 08:01 1719782                    /home/emeraude/Bureau/JNI2504/ChangeThread/Change/Thread2804/libThreadDemoChange.so
7f9f29c4b000-7f9f29e4a000 ---p 00002000 08:01 1719782                    /home/emeraude/Bureau/JNI2504/ChangeThread/Change/Thread2804/libThreadDemoChange.so
7f9f29e4a000-7f9f29e4b000 r--p 00001000 08:01 1719782                    /home/emeraude/Bureau/JNI2504/ChangeThread/Change/Thread2804/libThreadDemoChange.so
7f9f29e4b000-7f9f29e4c000 rw-p 00002000 08:01 1719782                    /home/emeraude/Bureau/JNI2504/ChangeThread/Change/Thread2804/libThreadDemoChange.so
7f9f29e4c000-7f9f29e4d000 ---p 00000000 00:00 0 
7f9f29e4d000-7f9f29f4d000 rw-p 00000000 00:00 0                          [stack:20093]
7f9f29f4d000-7f9f29f50000 ---p 00000000 00:00 0 
7f9f29f50000-7f9f2a04e000 rw-p 00000000 00:00 0                          [stack:20092]
7f9f2a04e000-7f9f2a051000 ---p 00000000 00:00 0 
7f9f2a051000-7f9f2a14f000 rw-p 00000000 00:00 0                          [stack:20091]
7f9f2a14f000-7f9f2a152000 ---p 00000000 00:00 0 
7f9f2a152000-7f9f2a250000 rw-p 00000000 00:00 0                          [stack:20090]
7f9f2a250000-7f9f2a253000 ---p 00000000 00:00 0 
7f9f2a253000-7f9f2a351000 rw-p 00000000 00:00 0                          [stack:20089]
7f9f2a351000-7f9f2aa34000 r--p 00000000 08:01 3022683                    /usr/lib/locale/locale-archive
7f9f2aa34000-7f9f2aa37000 ---p 00000000 00:00 0 
7f9f2aa37000-7f9f2ab35000 rw-p 00000000 00:00 0                          [stack:20088]
7f9f2ab35000-7f9f2ab38000 ---p 00000000 00:00 0 
7f9f2ab38000-7f9f2ac36000 rw-p 00000000 00:00 0                          [stack:20087]
7f9f2ac36000-7f9f2ac37000 ---p 00000000 00:00 0 
7f9f2ac37000-7f9f2d000000 rw-p 00000000 00:00 0                          [stack:20086]
7f9f2d000000-7f9f2d270000 rwxp 00000000 00:00 0 
7f9f2d270000-7f9f300bc000 rw-p 00000000 00:00 0 
7f9f300bc000-7f9f34000000 ---p 00000000 00:00 0 
7f9f34076000-7f9f34124000 rw-p 00000000 00:00 0 
7f9f34124000-7f9f342e4000 r--s 039fb000 08:01 3031693                    /usr/lib/jvm/java-7-oracle/jre/lib/rt.jar
7f9f342e4000-7f9f34579000 rw-p 00000000 00:00 0 
7f9f34579000-7f9f3457a000 ---p 00000000 00:00 0 
7f9f3457a000-7f9f3467a000 rw-p 00000000 00:00 0                          [stack:20085]
7f9f3467a000-7f9f3467b000 ---p 00000000 00:00 0 
7f9f3467b000-7f9f34786000 rw-p 00000000 00:00 0                          [stack:20084]
7f9f34786000-7f9f347a4000 rw-p 00000000 00:00 0 
7f9f347a4000-7f9f347b4000 rw-p 00000000 00:00 0 
7f9f347b4000-7f9f3489c000 rw-p 00000000 00:00 0 
7f9f3489c000-7f9f348a7000 rw-p 00000000 00:00 0 
7f9f348a7000-7f9f348c5000 rw-p 00000000 00:00 0 
7f9f348c5000-7f9f348d5000 rw-p 00000000 00:00 0 
7f9f348d5000-7f9f349bc000 rw-p 00000000 00:00 0 
7f9f349bc000-7f9f349c4000 rw-p 00000000 00:00 0 
7f9f349c4000-7f9f34a38000 rw-p 00000000 00:00 0 
7f9f34a38000-7f9f34a39000 rw-p 00000000 00:00 0 
7f9f34a39000-7f9f34a50000 r-xp 00000000 08:01 3031759                    /usr/lib/jvm/java-7-oracle/jre/lib/amd64/libzip.so
7f9f34a50000-7f9f34c50000 ---p 00017000 08:01 3031759                    /usr/lib/jvm/java-7-oracle/jre/lib/amd64/libzip.so
7f9f34c50000-7f9f34c51000 rw-p 00017000 08:01 3031759                    /usr/lib/jvm/java-7-oracle/jre/lib/amd64/libzip.so
7f9f34c51000-7f9f34c5c000 r-xp 00000000 08:01 266644                     /lib/x86_64-linux-gnu/libnss_files-2.19.so
7f9f34c5c000-7f9f34e5b000 ---p 0000b000 08:01 266644                     /lib/x86_64-linux-gnu/libnss_files-2.19.so
7f9f34e5b000-7f9f34e5c000 r--p 0000a000 08:01 266644                     /lib/x86_64-linux-gnu/libnss_files-2.19.so
7f9f34e5c000-7f9f34e5d000 rw-p 0000b000 08:01 266644                     /lib/x86_64-linux-gnu/libnss_files-2.19.so
7f9f34e5d000-7f9f34e68000 r-xp 00000000 08:01 266654                     /lib/x86_64-linux-gnu/libnss_nis-2.19.so
7f9f34e68000-7f9f35067000 ---p 0000b000 08:01 266654                     /lib/x86_64-linux-gnu/libnss_nis-2.19.so
7f9f35067000-7f9f35068000 r--p 0000a000 08:01 266654                     /lib/x86_64-linux-gnu/libnss_nis-2.19.so
7f9f35068000-7f9f35069000 rw-p 0000b000 08:01 266654                     /lib/x86_64-linux-gnu/libnss_nis-2.19.so
7f9f35069000-7f9f35080000 r-xp 00000000 08:01 266638                     /lib/x86_64-linux-gnu/libnsl-2.19.so
7f9f35080000-7f9f3527f000 ---p 00017000 08:01 266638                     /lib/x86_64-linux-gnu/libnsl-2.19.so
7f9f3527f000-7f9f35280000 r--p 00016000 08:01 266638                     /lib/x86_64-linux-gnu/libnsl-2.19.so
7f9f35280000-7f9f35281000 rw-p 00017000 08:01 266638                     /lib/x86_64-linux-gnu/libnsl-2.19.so
7f9f35281000-7f9f35283000 rw-p 00000000 00:00 0 
7f9f35283000-7f9f3528c000 r-xp 00000000 08:01 266640                     /lib/x86_64-linux-gnu/libnss_compat-2.19.so
7f9f3528c000-7f9f3548b000 ---p 00009000 08:01 266640                     /lib/x86_64-linux-gnu/libnss_compat-2.19.so
7f9f3548b000-7f9f3548c000 r--p 00008000 08:01 266640                     /lib/x86_64-linux-gnu/libnss_compat-2.19.so
7f9f3548c000-7f9f3548d000 rw-p 00009000 08:01 266640                     /lib/x86_64-linux-gnu/libnss_compat-2.19.so
7f9f3548d000-7f9f354b6000 r-xp 00000000 08:01 3031717                    /usr/lib/jvm/java-7-oracle/jre/lib/amd64/libjava.so
7f9f354b6000-7f9f356b6000 ---p 00029000 08:01 3031717                    /usr/lib/jvm/java-7-oracle/jre/lib/amd64/libjava.so
7f9f356b6000-7f9f356b8000 rw-p 00029000 08:01 3031717                    /usr/lib/jvm/java-7-oracle/jre/lib/amd64/libjava.so
7f9f356b8000-7f9f356c5000 r-xp 00000000 08:01 3031700                    /usr/lib/jvm/java-7-oracle/jre/lib/amd64/libverify.so
7f9f356c5000-7f9f358c4000 ---p 0000d000 08:01 3031700                    /usr/lib/jvm/java-7-oracle/jre/lib/amd64/libverify.so
7f9f358c4000-7f9f358c6000 rw-p 0000c000 08:01 3031700                    /usr/lib/jvm/java-7-oracle/jre/lib/amd64/libverify.so
7f9f358c6000-7f9f358cd000 r-xp 00000000 08:01 266697                     /lib/x86_64-linux-gnu/librt-2.19.so
7f9f358cd000-7f9f35acc000 ---p 00007000 08:01 266697                     /lib/x86_64-linux-gnu/librt-2.19.so
7f9f35acc000-7f9f35acd000 r--p 00006000 08:01 266697                     /lib/x86_64-linux-gnu/librt-2.19.so
7f9f35acd000-7f9f35ace000 rw-p 00007000 08:01 266697                     /lib/x86_64-linux-gnu/librt-2.19.so
7f9f35ace000-7f9f35bd3000 r-xp 00000000 08:01 266619                     /lib/x86_64-linux-gnu/libm-2.19.so
7f9f35bd3000-7f9f35dd2000 ---p 00105000 08:01 266619                     /lib/x86_64-linux-gnu/libm-2.19.so
7f9f35dd2000-7f9f35dd3000 r--p 00104000 08:01 266619                     /lib/x86_64-linux-gnu/libm-2.19.so
7f9f35dd3000-7f9f35dd4000 rw-p 00105000 08:01 266619                     /lib/x86_64-linux-gnu/libm-2.19.so
7f9f35dd4000-7f9f3694a000 r-xp 00000000 08:01 3031747                    /usr/lib/jvm/java-7-oracle/jre/lib/amd64/server/libjvm.so
7f9f3694a000-7f9f36b49000 ---p 00b76000 08:01 3031747                    /usr/lib/jvm/java-7-oracle/jre/lib/amd64/server/libjvm.so
7f9f36b49000-7f9f36c0d000 rw-p 00b75000 08:01 3031747                    /usr/lib/jvm/java-7-oracle/jre/lib/amd64/server/libjvm.so
7f9f36c0d000-7f9f36c4e000 rw-p 00000000 00:00 0 
7f9f36c4e000-7f9f36e09000 r-xp 00000000 08:01 266569                     /lib/x86_64-linux-gnu/libc-2.19.so
7f9f36e09000-7f9f37008000 ---p 001bb000 08:01 266569                     /lib/x86_64-linux-gnu/libc-2.19.so
7f9f37008000-7f9f3700c000 r--p 001ba000 08:01 266569                     /lib/x86_64-linux-gnu/libc-2.19.so
7f9f3700c000-7f9f3700e000 rw-p 001be000 08:01 266569                     /lib/x86_64-linux-gnu/libc-2.19.so
7f9f3700e000-7f9f37013000 rw-p 00000000 00:00 0 
7f9f37013000-7f9f37016000 r-xp 00000000 08:01 266586                     /lib/x86_64-linux-gnu/libdl-2.19.so
7f9f37016000-7f9f37215000 ---p 00003000 08:01 266586                     /lib/x86_64-linux-gnu/libdl-2.19.so
7f9f37215000-7f9f37216000 r--p 00002000 08:01 266586                     /lib/x86_64-linux-gnu/libdl-2.19.so
7f9f37216000-7f9f37217000 rw-p 00003000 08:01 266586                     /lib/x86_64-linux-gnu/libdl-2.19.so
7f9f37217000-7f9f3722c000 r-xp 00000000 08:01 3031726                    /usr/lib/jvm/java-7-oracle/jre/lib/amd64/jli/libjli.so
7f9f3722c000-7f9f3742b000 ---p 00015000 08:01 3031726                    /usr/lib/jvm/java-7-oracle/jre/lib/amd64/jli/libjli.so
7f9f3742b000-7f9f3742c000 rw-p 00014000 08:01 3031726                    /usr/lib/jvm/java-7-oracle/jre/lib/amd64/jli/libjli.so
7f9f3742c000-7f9f37445000 r-xp 00000000 08:01 266689                     /lib/x86_64-linux-gnu/libpthread-2.19.so
7f9f37445000-7f9f37644000 ---p 00019000 08:01 266689                     /lib/x86_64-linux-gnu/libpthread-2.19.so
7f9f37644000-7f9f37645000 r--p 00018000 08:01 266689                     /lib/x86_64-linux-gnu/libpthread-2.19.so
7f9f37645000-7f9f37646000 rw-p 00019000 08:01 266689                     /lib/x86_64-linux-gnu/libpthread-2.19.so
7f9f37646000-7f9f3764a000 rw-p 00000000 00:00 0 
7f9f3764a000-7f9f3766d000 r-xp 00000000 08:01 266545                     /lib/x86_64-linux-gnu/ld-2.19.so
7f9f3767e000-7f9f37699000 rw-p 00000000 00:00 0 
7f9f37699000-7f9f3774f000 rw-p 00000000 00:00 0 
7f9f3774f000-7f9f37752000 ---p 00000000 00:00 0 
7f9f37752000-7f9f37854000 rw-p 00000000 00:00 0                          [stack:20083]
7f9f3785d000-7f9f37860000 rw-p 00000000 00:00 0 
7f9f37860000-7f9f37868000 rw-s 00000000 08:01 2490379                    /tmp/hsperfdata_root/20082
7f9f37868000-7f9f37869000 rw-p 00000000 00:00 0 
7f9f37869000-7f9f3786a000 r--p 00000000 00:00 0 
7f9f3786a000-7f9f3786c000 rw-p 00000000 00:00 0 
7f9f3786c000-7f9f3786d000 r--p 00022000 08:01 266545                     /lib/x86_64-linux-gnu/ld-2.19.so
7f9f3786d000-7f9f3786e000 rw-p 00023000 08:01 266545                     /lib/x86_64-linux-gnu/ld-2.19.so
7f9f3786e000-7f9f3786f000 rw-p 00000000 00:00 0 
7ffe9592c000-7ffe9594d000 rw-p 00000000 00:00 0                          [stack]
7ffe959b9000-7ffe959bb000 r--p 00000000 00:00 0                          [vvar]
7ffe959bb000-7ffe959bd000 r-xp 00000000 00:00 0                          [vdso]
ffffffffff600000-ffffffffff601000 r-xp 00000000 00:00 0                  [vsyscall]

VM Arguments:
java_command: ThreadDemoChange
Launcher Type: SUN_STANDARD

Environment Variables:
PATH=/usr/local/sbin:/usr/local/bin:/usr/sbin:/usr/bin:/sbin:/bin:/usr/games:/usr/local/games
USERNAME=root
LD_LIBRARY_PATH=/home/emeraude/Bureau/JNI2504/ChangeThread/Change/Thread2804/
SHELL=/bin/bash
DISPLAY=:0

Signal Handlers:
SIGSEGV: [libjvm.so+0x9a3b20], sa_mask[0]=0x7ffbfeff, sa_flags=0x10000004
SIGBUS: [libjvm.so+0x9a3b20], sa_mask[0]=0x7ffbfeff, sa_flags=0x10000004
SIGFPE: [libjvm.so+0x81e740], sa_mask[0]=0x7ffbfeff, sa_flags=0x10000004
SIGPIPE: [libjvm.so+0x81e740], sa_mask[0]=0x7ffbfeff, sa_flags=0x10000004
SIGXFSZ: [libjvm.so+0x81e740], sa_mask[0]=0x7ffbfeff, sa_flags=0x10000004
SIGILL: [libjvm.so+0x81e740], sa_mask[0]=0x7ffbfeff, sa_flags=0x10000004
SIGUSR1: SIG_DFL, sa_mask[0]=0x00000000, sa_flags=0x00000000
SIGUSR2: [libjvm.so+0x81ffb0], sa_mask[0]=0x00000000, sa_flags=0x10000004
SIGHUP: [libjvm.so+0x8210d0], sa_mask[0]=0x7ffbfeff, sa_flags=0x10000004
SIGINT: [libjvm.so+0x8210d0], sa_mask[0]=0x7ffbfeff, sa_flags=0x10000004
SIGTERM: [libjvm.so+0x8210d0], sa_mask[0]=0x7ffbfeff, sa_flags=0x10000004
SIGQUIT: [libjvm.so+0x8210d0], sa_mask[0]=0x7ffbfeff, sa_flags=0x10000004


---------------  S Y S T E M  ---------------

OS:jessie/sid

uname:Linux 3.19.0-25-generic #26~14.04.1-Ubuntu SMP Fri Jul 24 21:16:20 UTC 2015 x86_64
libc:glibc 2.19 NPTL 2.19 
rlimit: STACK 8192k, CORE 0k, NPROC 11762, NOFILE 4096, AS infinity
load average:0,09 0,15 0,26

/proc/meminfo:
MemTotal:        3032528 kB
MemFree:          353948 kB
MemAvailable:     514772 kB
Buffers:           23592 kB
Cached:           708876 kB
SwapCached:        31012 kB
Active:          2024332 kB
Inactive:         497444 kB
Active(anon):    1821844 kB
Inactive(anon):   451132 kB
Active(file):     202488 kB
Inactive(file):    46312 kB
Unevictable:          16 kB
Mlocked:              16 kB
SwapTotal:       3094524 kB
SwapFree:        2769188 kB
Dirty:               452 kB
Writeback:             0 kB
AnonPages:       1778240 kB
Mapped:           144580 kB
Shmem:            483552 kB
Slab:              79724 kB
SReclaimable:      49292 kB
SUnreclaim:        30432 kB
KernelStack:        8304 kB
PageTables:        36832 kB
NFS_Unstable:          0 kB
Bounce:                0 kB
WritebackTmp:          0 kB
CommitLimit:     4610788 kB
Committed_AS:    6488380 kB
VmallocTotal:   34359738367 kB
VmallocUsed:      347460 kB
VmallocChunk:   34359383644 kB
HardwareCorrupted:     0 kB
AnonHugePages:    456704 kB
CmaTotal:              0 kB
CmaFree:               0 kB
HugePages_Total:       0
HugePages_Free:        0
HugePages_Rsvd:        0
HugePages_Surp:        0
Hugepagesize:       2048 kB
DirectMap4k:      110900 kB
DirectMap2M:     2985984 kB


CPU:total 2 (2 cores per cpu, 1 threads per core) family 6 model 23 stepping 10, cmov, cx8, fxsr, mmx, sse, sse2, sse3, ssse3, sse4.1, tsc

/proc/cpuinfo:
processor	: 0
vendor_id	: GenuineIntel
cpu family	: 6
model		: 23
model name	: Intel(R) Core(TM)2 Duo CPU     U9600  @ 1.60GHz
stepping	: 10
microcode	: 0xa07
cpu MHz		: 1601.000
cache size	: 3072 KB
physical id	: 0
siblings	: 2
core id		: 0
cpu cores	: 2
apicid		: 0
initial apicid	: 0
fpu		: yes
fpu_exception	: yes
cpuid level	: 13
wp		: yes
flags		: fpu vme de pse tsc msr pae mce cx8 apic sep mtrr pge mca cmov pat pse36 clflush dts acpi mmx fxsr sse sse2 ss ht tm pbe syscall nx lm constant_tsc arch_perfmon pebs bts rep_good nopl aperfmperf pni dtes64 monitor ds_cpl vmx smx est tm2 ssse3 cx16 xtpr pdcm sse4_1 xsave lahf_lm ida dtherm tpr_shadow vnmi flexpriority
bugs		:
bogomips	: 3189.79
clflush size	: 64
cache_alignment	: 64
address sizes	: 36 bits physical, 48 bits virtual
power management:

processor	: 1
vendor_id	: GenuineIntel
cpu family	: 6
model		: 23
model name	: Intel(R) Core(TM)2 Duo CPU     U9600  @ 1.60GHz
stepping	: 10
microcode	: 0xa07
cpu MHz		: 1601.000
cache size	: 3072 KB
physical id	: 0
siblings	: 2
core id		: 1
cpu cores	: 2
apicid		: 1
initial apicid	: 1
fpu		: yes
fpu_exception	: yes
cpuid level	: 13
wp		: yes
flags		: fpu vme de pse tsc msr pae mce cx8 apic sep mtrr pge mca cmov pat pse36 clflush dts acpi mmx fxsr sse sse2 ss ht tm pbe syscall nx lm constant_tsc arch_perfmon pebs bts rep_good nopl aperfmperf pni dtes64 monitor ds_cpl vmx smx est tm2 ssse3 cx16 xtpr pdcm sse4_1 xsave lahf_lm ida dtherm tpr_shadow vnmi flexpriority
bugs		:
bogomips	: 3189.79
clflush size	: 64
cache_alignment	: 64
address sizes	: 36 bits physical, 48 bits virtual
power management:



Memory: 4k page, physical 3032528k(353948k free), swap 3094524k(2769188k free)

vm_info: Java HotSpot(TM) 64-Bit Server VM (24.80-b11) for linux-amd64 JRE (1.7.0_80-b15), built on Apr 10 2015 19:53:14 by "java_re" with gcc 4.3.0 20080428 (Red Hat 4.3.0-8)

time: Thu Apr 28 16:52:50 2016
elapsed time: 0 seconds

