#
# A fatal error has been detected by the Java Runtime Environment:
#
#  SIGSEGV (0xb) at pc=0x00007f8c32101ab0, pid=28787, tid=140240116365056
#
# JRE version: Java(TM) SE Runtime Environment (7.0_80-b15) (build 1.7.0_80-b15)
# Java VM: Java HotSpot(TM) 64-Bit Server VM (24.80-b11 mixed mode linux-amd64 compressed oops)
# Problematic frame:
# C  [libpthread.so.0+0x9ab0]  pthread_setschedparam+0x10
#
# Failed to write core dump. Core dumps have been disabled. To enable core dumping, try "ulimit -c unlimited" before starting Java again
#
# If you would like to submit a bug report, please visit:
#   http://bugreport.java.com/bugreport/crash.jsp
# The crash happened outside the Java Virtual Machine in native code.
# See problematic frame for where to report the bug.
#

---------------  T H R E A D  ---------------

Current thread (0x00007f8c2c009800):  JavaThread "main" [_thread_in_native, id=28788, stack(0x00007f8c3241b000,0x00007f8c3251c000)]

siginfo:si_signo=SIGSEGV: si_errno=0, si_code=1 (SEGV_MAPERR), si_addr=0x000000003251b9d0

Registers:
RAX=0x000000003251b700, RBX=0x000000003251b700, RCX=0x0000000000000021, RDX=0x00007f8c24b7d0ac
RSP=0x00007f8c3251a7c0, RBP=0x00007f8c3251a870, RSI=0x0000000000000002, RDI=0x000000003251b700
R8 =0x00007f8c31a90dc0, R9 =0x00007f8c31a64520, R10=0x00007f8c3251a5b0, R11=0x00007f8c32101aa0
R12=0x0000000000000000, R13=0x00000000cca5dd28, R14=0x00007f8c3251a908, R15=0x00007f8c2c009800
RIP=0x00007f8c32101ab0, EFLAGS=0x0000000000010206, CSGSFS=0x0000000000000033, ERR=0x0000000000000004
  TRAPNO=0x000000000000000e

Top of Stack: (sp=0x00007f8c3251a7c0)
0x00007f8c3251a7c0:   000000003251b700 00007f8c31a90dc0
0x00007f8c3251a7d0:   00000000cca5dd28 00007f8c3251a870
0x00007f8c3251a7e0:   0000000000000000 00007f8c2497bdfa
0x00007f8c3251a7f0:   00007f8c285b1310 3251b7000000000e
0x00007f8c3251a800:   00007f8c3251a908 00007f8c2c0099e8
0x00007f8c3251a810:   00007f8c3251aac0 000000002c0070f0
0x00007f8c3251a820:   00007f8c3251a860 000000003251b700
0x00007f8c3251a830:   0000000000000000 0000000000000000
0x00007f8c3251a840:   0000000000001000 0000000000000000
0x00007f8c3251a850:   0000000000000000 0000000000000000
0x00007f8c3251a860:   0000000000000000 b1ec939734433900
0x00007f8c3251a870:   00007f8c3251a8d8 00007f8c285be7f8
0x00007f8c3251a880:   00007f8c2c00a6c8 00007f8c285bed09
0x00007f8c3251a890:   00007f8c2c009800 00007f8c3251a898
0x00007f8c3251a8a0:   00000000cca5dd28 00007f8c3251a908
0x00007f8c3251a8b0:   00000000cca5f348 0000000000000000
0x00007f8c3251a8c0:   00000000cca5dd28 0000000000000000
0x00007f8c3251a8d0:   00007f8c3251a8f8 00007f8c3251a950
0x00007f8c3251a8e0:   00007f8c285b2058 0000000000000000
0x00007f8c3251a8f0:   00007f8c285bacd8 000000000000000e
0x00007f8c3251a900:   000000003251b700 00000000f08cf190
0x00007f8c3251a910:   00007f8c3251a910 00000000cca5e4c9
0x00007f8c3251a920:   00007f8c3251a970 00000000cca5f348
0x00007f8c3251a930:   0000000000000000 00000000cca5e500
0x00007f8c3251a940:   00007f8c3251a8f8 00007f8c3251a960
0x00007f8c3251a950:   00007f8c3251a9b8 00007f8c285b2058
0x00007f8c3251a960:   00000000f08cf3b0 000000000000000e
0x00007f8c3251a970:   00000000f08cf190 00007f8c3251a978
0x00007f8c3251a980:   00000000cca5e71d 00007f8c3251a9d8
0x00007f8c3251a990:   00000000cca5f348 0000000000000000
0x00007f8c3251a9a0:   00000000cca5e738 00007f8c3251a960
0x00007f8c3251a9b0:   00007f8c3251a9d8 00007f8c3251aa40 

Instructions: (pc=0x00007f8c32101ab0)
0x00007f8c32101a90:   00 e9 2f ff ff ff 66 2e 0f 1f 84 00 00 00 00 00
0x00007f8c32101aa0:   41 54 55 53 48 89 fb 48 83 ec 10 48 85 ff 74 6d
0x00007f8c32101ab0:   8b 87 d0 02 00 00 85 c0 7e 63 41 89 f4 48 89 d5
0x00007f8c32101ac0:   be 01 00 00 00 31 c0 f0 0f b1 b3 18 06 00 00 75 

Register to memory mapping:

RAX=0x000000003251b700 is an unknown value
RBX=0x000000003251b700 is an unknown value
RCX=0x0000000000000021 is an unknown value
RDX=0x00007f8c24b7d0ac: param+0 in /home/emeraude/Bureau/JNI2504/ChangeThread/Change/Thread2804/libThreadDemoChange.so at 0x00007f8c2497b000
RSP=0x00007f8c3251a7c0 is pointing into the stack for thread: 0x00007f8c2c009800
RBP=0x00007f8c3251a870 is pointing into the stack for thread: 0x00007f8c2c009800
RSI=0x0000000000000002 is an unknown value
RDI=0x000000003251b700 is an unknown value
R8 =0x00007f8c31a90dc0: _itoa_lower_digits+0 in /lib/x86_64-linux-gnu/libc.so.6 at 0x00007f8c3191a000
R9 =0x00007f8c31a64520: <offset 0x14a520> in /lib/x86_64-linux-gnu/libc.so.6 at 0x00007f8c3191a000
R10=0x00007f8c3251a5b0 is pointing into the stack for thread: 0x00007f8c2c009800
R11=0x00007f8c32101aa0: pthread_setschedparam+0 in /lib/x86_64-linux-gnu/libpthread.so.0 at 0x00007f8c320f8000
R12=0x0000000000000000 is an unknown value
R13=0x00000000cca5dd28 is an oop
{method} 
 - klass: {other class}
R14=0x00007f8c3251a908 is pointing into the stack for thread: 0x00007f8c2c009800
R15=0x00007f8c2c009800 is a thread


Stack: [0x00007f8c3241b000,0x00007f8c3251c000],  sp=0x00007f8c3251a7c0,  free space=1021k
Native frames: (J=compiled Java code, j=interpreted, Vv=VM code, C=native code)
C  [libpthread.so.0+0x9ab0]  pthread_setschedparam+0x10
j  ThreadDemoChange.ChangePrio2(II)V+0
j  ThreadDemoChange.ChangeThreadPrio(ILThreadDemoChange;)V+41
j  ThreadDemoChange.main([Ljava/lang/String;)V+37
v  ~StubRoutines::call_stub
V  [libjvm.so+0x6020a5]  JavaCalls::call_helper(JavaValue*, methodHandle*, JavaCallArguments*, Thread*)+0x365
V  [libjvm.so+0x600b08]  JavaCalls::call(JavaValue*, methodHandle, JavaCallArguments*, Thread*)+0x28
V  [libjvm.so+0x63abb9]  jni_invoke_static(JNIEnv_*, JavaValue*, _jobject*, JNICallType, _jmethodID*, JNI_ArgumentPusher*, Thread*)+0x219
V  [libjvm.so+0x6437d2]  jni_CallStaticVoidMethod+0x162
C  [libjli.so+0x36d9]  JavaMain+0x7e9

Java frames: (J=compiled Java code, j=interpreted, Vv=VM code)
j  ThreadDemoChange.ChangePrio2(II)V+0
j  ThreadDemoChange.ChangeThreadPrio(ILThreadDemoChange;)V+41
j  ThreadDemoChange.main([Ljava/lang/String;)V+37
v  ~StubRoutines::call_stub

---------------  P R O C E S S  ---------------

Java Threads: ( => current thread )
  0x00007f8c2c0b0000 JavaThread "Thread-1" [_thread_blocked, id=28802, stack(0x00007f8c24779000,0x00007f8c2487a000)]
  0x00007f8c2c0ae000 JavaThread "Thread-0" [_thread_blocked, id=28801, stack(0x00007f8c2487a000,0x00007f8c2497b000)]
  0x00007f8c2c094000 JavaThread "Service Thread" daemon [_thread_blocked, id=28799, stack(0x00007f8c24c7f000,0x00007f8c24d80000)]
  0x00007f8c2c091800 JavaThread "C2 CompilerThread1" daemon [_thread_blocked, id=28798, stack(0x00007f8c24d80000,0x00007f8c24e81000)]
  0x00007f8c2c08f000 JavaThread "C2 CompilerThread0" daemon [_thread_blocked, id=28797, stack(0x00007f8c24e81000,0x00007f8c24f82000)]
  0x00007f8c2c08c800 JavaThread "Signal Dispatcher" daemon [_thread_blocked, id=28796, stack(0x00007f8c24f82000,0x00007f8c25083000)]
  0x00007f8c2c06b800 JavaThread "Finalizer" daemon [_thread_blocked, id=28795, stack(0x00007f8c25766000,0x00007f8c25867000)]
  0x00007f8c2c069800 JavaThread "Reference Handler" daemon [_thread_blocked, id=28794, stack(0x00007f8c25867000,0x00007f8c25968000)]
=>0x00007f8c2c009800 JavaThread "main" [_thread_in_native, id=28788, stack(0x00007f8c3241b000,0x00007f8c3251c000)]

Other Threads:
  0x00007f8c2c065000 VMThread [stack: 0x00007f8c25968000,0x00007f8c25a69000] [id=28793]
  0x00007f8c2c09e800 WatcherThread [stack: 0x00007f8c24b7e000,0x00007f8c24c7f000] [id=28800]

VM state:not at safepoint (normal execution)

VM Mutex/Monitor currently owned by a thread: None

Heap
 PSYoungGen      total 14336K, used 1024K [0x00000000f0880000, 0x00000000f1800000, 0x0000000100000000)
  eden space 12800K, 8% used [0x00000000f0880000,0x00000000f0980158,0x00000000f1500000)
  from space 1536K, 0% used [0x00000000f1680000,0x00000000f1680000,0x00000000f1800000)
  to   space 1536K, 0% used [0x00000000f1500000,0x00000000f1500000,0x00000000f1680000)
 ParOldGen       total 31232K, used 0K [0x00000000d1a00000, 0x00000000d3880000, 0x00000000f0880000)
  object space 31232K, 0% used [0x00000000d1a00000,0x00000000d1a00000,0x00000000d3880000)
 PSPermGen       total 21504K, used 2433K [0x00000000cc800000, 0x00000000cdd00000, 0x00000000d1a00000)
  object space 21504K, 11% used [0x00000000cc800000,0x00000000cca605f0,0x00000000cdd00000)

Card table byte_map: [0x00007f8c2840f000,0x00007f8c285ac000] byte_map_base: 0x00007f8c27dab000

Polling page: 0x00007f8c32535000

Code Cache  [0x00007f8c285ac000, 0x00007f8c2881c000, 0x00007f8c2b5ac000)
 total_blobs=163 nmethods=0 adapters=133 free_code_cache=48775Kb largest_free_block=49946496

Compilation events (0 events):
No events

GC Heap History (0 events):
No events

Deoptimization events (0 events):
No events

Internal exceptions (2 events):
Event: 0,132 Thread 0x00007f8c2c009800 Threw 0x00000000f088f2a8 at /HUDSON/workspace/7u-2-build-linux-amd64/jdk7u80/2329/hotspot/src/share/vm/prims/jni.cpp:3991
Event: 0,235 Thread 0x00007f8c2c009800 Threw 0x00000000f08c6d78 at /HUDSON/workspace/7u-2-build-linux-amd64/jdk7u80/2329/hotspot/src/share/vm/prims/jvm.cpp:1319

Events (10 events):
Event: 0,245 loading class 0x00007f8c2667c6a0
Event: 0,245 loading class 0x00007f8c2667c6a0 done
Event: 0,246 loading class 0x00007f8c26657070
Event: 0,246 loading class 0x00007f8c26657070 done
Event: 0,247 loading class 0x00007f8c26663390
Event: 0,247 loading class 0x00007f8c26663390 done
Event: 0,247 loading class 0x00007f8c26663330
Event: 0,247 loading class 0x00007f8c26663330 done
Event: 0,248 Thread 0x00007f8c2c0ae000 Thread added: 0x00007f8c2c0ae000
Event: 0,256 Thread 0x00007f8c2c0b0000 Thread added: 0x00007f8c2c0b0000


Dynamic libraries:
00400000-00401000 r-xp 00000000 08:01 3031226                            /usr/lib/jvm/java-7-oracle/jre/bin/java
00600000-00601000 rw-p 00000000 08:01 3031226                            /usr/lib/jvm/java-7-oracle/jre/bin/java
02368000-02389000 rw-p 00000000 00:00 0                                  [heap]
cc800000-cdd00000 rw-p 00000000 00:00 0 
cdd00000-d1a00000 rw-p 00000000 00:00 0 
d1a00000-d3880000 rw-p 00000000 00:00 0 
d3880000-f0880000 rw-p 00000000 00:00 0 
f0880000-f1800000 rw-p 00000000 00:00 0 
f1800000-100000000 rw-p 00000000 00:00 0 
7f8bf0000000-7f8bf0021000 rw-p 00000000 00:00 0 
7f8bf0021000-7f8bf4000000 ---p 00000000 00:00 0 
7f8bf8000000-7f8bf8021000 rw-p 00000000 00:00 0 
7f8bf8021000-7f8bfc000000 ---p 00000000 00:00 0 
7f8bfc000000-7f8bfc021000 rw-p 00000000 00:00 0 
7f8bfc021000-7f8c00000000 ---p 00000000 00:00 0 
7f8c00000000-7f8c00021000 rw-p 00000000 00:00 0 
7f8c00021000-7f8c04000000 ---p 00000000 00:00 0 
7f8c04000000-7f8c04021000 rw-p 00000000 00:00 0 
7f8c04021000-7f8c08000000 ---p 00000000 00:00 0 
7f8c08000000-7f8c08021000 rw-p 00000000 00:00 0 
7f8c08021000-7f8c0c000000 ---p 00000000 00:00 0 
7f8c0c000000-7f8c0c021000 rw-p 00000000 00:00 0 
7f8c0c021000-7f8c10000000 ---p 00000000 00:00 0 
7f8c10000000-7f8c10021000 rw-p 00000000 00:00 0 
7f8c10021000-7f8c14000000 ---p 00000000 00:00 0 
7f8c14000000-7f8c14021000 rw-p 00000000 00:00 0 
7f8c14021000-7f8c18000000 ---p 00000000 00:00 0 
7f8c18000000-7f8c18021000 rw-p 00000000 00:00 0 
7f8c18021000-7f8c1c000000 ---p 00000000 00:00 0 
7f8c1c000000-7f8c1c021000 rw-p 00000000 00:00 0 
7f8c1c021000-7f8c20000000 ---p 00000000 00:00 0 
7f8c20000000-7f8c20021000 rw-p 00000000 00:00 0 
7f8c20021000-7f8c24000000 ---p 00000000 00:00 0 
7f8c24530000-7f8c24779000 rw-p 00000000 00:00 0 
7f8c24779000-7f8c2477c000 ---p 00000000 00:00 0 
7f8c2477c000-7f8c2487a000 rw-p 00000000 00:00 0                          [stack:28802]
7f8c2487a000-7f8c2487d000 ---p 00000000 00:00 0 
7f8c2487d000-7f8c2497b000 rw-p 00000000 00:00 0                          [stack:28801]
7f8c2497b000-7f8c2497d000 r-xp 00000000 08:01 1719782                    /home/emeraude/Bureau/JNI2504/ChangeThread/Change/Thread2804/libThreadDemoChange.so
7f8c2497d000-7f8c24b7c000 ---p 00002000 08:01 1719782                    /home/emeraude/Bureau/JNI2504/ChangeThread/Change/Thread2804/libThreadDemoChange.so
7f8c24b7c000-7f8c24b7d000 r--p 00001000 08:01 1719782                    /home/emeraude/Bureau/JNI2504/ChangeThread/Change/Thread2804/libThreadDemoChange.so
7f8c24b7d000-7f8c24b7e000 rw-p 00002000 08:01 1719782                    /home/emeraude/Bureau/JNI2504/ChangeThread/Change/Thread2804/libThreadDemoChange.so
7f8c24b7e000-7f8c24b7f000 ---p 00000000 00:00 0 
7f8c24b7f000-7f8c24c7f000 rw-p 00000000 00:00 0                          [stack:28800]
7f8c24c7f000-7f8c24c82000 ---p 00000000 00:00 0 
7f8c24c82000-7f8c24d80000 rw-p 00000000 00:00 0                          [stack:28799]
7f8c24d80000-7f8c24d83000 ---p 00000000 00:00 0 
7f8c24d83000-7f8c24e81000 rw-p 00000000 00:00 0                          [stack:28798]
7f8c24e81000-7f8c24e84000 ---p 00000000 00:00 0 
7f8c24e84000-7f8c24f82000 rw-p 00000000 00:00 0                          [stack:28797]
7f8c24f82000-7f8c24f85000 ---p 00000000 00:00 0 
7f8c24f85000-7f8c25083000 rw-p 00000000 00:00 0                          [stack:28796]
7f8c25083000-7f8c25766000 r--p 00000000 08:01 3022683                    /usr/lib/locale/locale-archive
7f8c25766000-7f8c25769000 ---p 00000000 00:00 0 
7f8c25769000-7f8c25867000 rw-p 00000000 00:00 0                          [stack:28795]
7f8c25867000-7f8c2586a000 ---p 00000000 00:00 0 
7f8c2586a000-7f8c25968000 rw-p 00000000 00:00 0                          [stack:28794]
7f8c25968000-7f8c25969000 ---p 00000000 00:00 0 
7f8c25969000-7f8c26420000 rw-p 00000000 00:00 0                          [stack:28793]
7f8c26420000-7f8c265e0000 r--s 039fb000 08:01 3031693                    /usr/lib/jvm/java-7-oracle/jre/lib/rt.jar
7f8c265e0000-7f8c2820d000 rw-p 00000000 00:00 0 
7f8c2820d000-7f8c2820e000 ---p 00000000 00:00 0 
7f8c2820e000-7f8c2830e000 rw-p 00000000 00:00 0                          [stack:28791]
7f8c2830e000-7f8c2830f000 ---p 00000000 00:00 0 
7f8c2830f000-7f8c2841a000 rw-p 00000000 00:00 0                          [stack:28790]
7f8c2841a000-7f8c28438000 rw-p 00000000 00:00 0 
7f8c28438000-7f8c28448000 rw-p 00000000 00:00 0 
7f8c28448000-7f8c2852f000 rw-p 00000000 00:00 0 
7f8c2852f000-7f8c28537000 rw-p 00000000 00:00 0 
7f8c28537000-7f8c285ab000 rw-p 00000000 00:00 0 
7f8c285ab000-7f8c285ac000 rw-p 00000000 00:00 0 
7f8c285ac000-7f8c2881c000 rwxp 00000000 00:00 0 
7f8c2881c000-7f8c2b5ac000 rw-p 00000000 00:00 0 
7f8c2b5ac000-7f8c2b5c3000 r-xp 00000000 08:01 3031759                    /usr/lib/jvm/java-7-oracle/jre/lib/amd64/libzip.so
7f8c2b5c3000-7f8c2b7c3000 ---p 00017000 08:01 3031759                    /usr/lib/jvm/java-7-oracle/jre/lib/amd64/libzip.so
7f8c2b7c3000-7f8c2b7c4000 rw-p 00017000 08:01 3031759                    /usr/lib/jvm/java-7-oracle/jre/lib/amd64/libzip.so
7f8c2b7c4000-7f8c2b7cf000 r-xp 00000000 08:01 266644                     /lib/x86_64-linux-gnu/libnss_files-2.19.so
7f8c2b7cf000-7f8c2b9ce000 ---p 0000b000 08:01 266644                     /lib/x86_64-linux-gnu/libnss_files-2.19.so
7f8c2b9ce000-7f8c2b9cf000 r--p 0000a000 08:01 266644                     /lib/x86_64-linux-gnu/libnss_files-2.19.so
7f8c2b9cf000-7f8c2b9d0000 rw-p 0000b000 08:01 266644                     /lib/x86_64-linux-gnu/libnss_files-2.19.so
7f8c2b9d0000-7f8c2b9db000 r-xp 00000000 08:01 266654                     /lib/x86_64-linux-gnu/libnss_nis-2.19.so
7f8c2b9db000-7f8c2bbda000 ---p 0000b000 08:01 266654                     /lib/x86_64-linux-gnu/libnss_nis-2.19.so
7f8c2bbda000-7f8c2bbdb000 r--p 0000a000 08:01 266654                     /lib/x86_64-linux-gnu/libnss_nis-2.19.so
7f8c2bbdb000-7f8c2bbdc000 rw-p 0000b000 08:01 266654                     /lib/x86_64-linux-gnu/libnss_nis-2.19.so
7f8c2bbdc000-7f8c2bbf3000 r-xp 00000000 08:01 266638                     /lib/x86_64-linux-gnu/libnsl-2.19.so
7f8c2bbf3000-7f8c2bdf2000 ---p 00017000 08:01 266638                     /lib/x86_64-linux-gnu/libnsl-2.19.so
7f8c2bdf2000-7f8c2bdf3000 r--p 00016000 08:01 266638                     /lib/x86_64-linux-gnu/libnsl-2.19.so
7f8c2bdf3000-7f8c2bdf4000 rw-p 00017000 08:01 266638                     /lib/x86_64-linux-gnu/libnsl-2.19.so
7f8c2bdf4000-7f8c2bdf6000 rw-p 00000000 00:00 0 
7f8c2bdf6000-7f8c2bdff000 r-xp 00000000 08:01 266640                     /lib/x86_64-linux-gnu/libnss_compat-2.19.so
7f8c2bdff000-7f8c2bffe000 ---p 00009000 08:01 266640                     /lib/x86_64-linux-gnu/libnss_compat-2.19.so
7f8c2bffe000-7f8c2bfff000 r--p 00008000 08:01 266640                     /lib/x86_64-linux-gnu/libnss_compat-2.19.so
7f8c2bfff000-7f8c2c000000 rw-p 00009000 08:01 266640                     /lib/x86_64-linux-gnu/libnss_compat-2.19.so
7f8c2c000000-7f8c2c0bc000 rw-p 00000000 00:00 0 
7f8c2c0bc000-7f8c30000000 ---p 00000000 00:00 0 
7f8c30010000-7f8c30043000 rw-p 00000000 00:00 0 
7f8c30043000-7f8c30061000 rw-p 00000000 00:00 0 
7f8c30061000-7f8c30071000 rw-p 00000000 00:00 0 
7f8c30071000-7f8c30159000 rw-p 00000000 00:00 0 
7f8c30159000-7f8c30182000 r-xp 00000000 08:01 3031717                    /usr/lib/jvm/java-7-oracle/jre/lib/amd64/libjava.so
7f8c30182000-7f8c30382000 ---p 00029000 08:01 3031717                    /usr/lib/jvm/java-7-oracle/jre/lib/amd64/libjava.so
7f8c30382000-7f8c30384000 rw-p 00029000 08:01 3031717                    /usr/lib/jvm/java-7-oracle/jre/lib/amd64/libjava.so
7f8c30384000-7f8c30391000 r-xp 00000000 08:01 3031700                    /usr/lib/jvm/java-7-oracle/jre/lib/amd64/libverify.so
7f8c30391000-7f8c30590000 ---p 0000d000 08:01 3031700                    /usr/lib/jvm/java-7-oracle/jre/lib/amd64/libverify.so
7f8c30590000-7f8c30592000 rw-p 0000c000 08:01 3031700                    /usr/lib/jvm/java-7-oracle/jre/lib/amd64/libverify.so
7f8c30592000-7f8c30599000 r-xp 00000000 08:01 266697                     /lib/x86_64-linux-gnu/librt-2.19.so
7f8c30599000-7f8c30798000 ---p 00007000 08:01 266697                     /lib/x86_64-linux-gnu/librt-2.19.so
7f8c30798000-7f8c30799000 r--p 00006000 08:01 266697                     /lib/x86_64-linux-gnu/librt-2.19.so
7f8c30799000-7f8c3079a000 rw-p 00007000 08:01 266697                     /lib/x86_64-linux-gnu/librt-2.19.so
7f8c3079a000-7f8c3089f000 r-xp 00000000 08:01 266619                     /lib/x86_64-linux-gnu/libm-2.19.so
7f8c3089f000-7f8c30a9e000 ---p 00105000 08:01 266619                     /lib/x86_64-linux-gnu/libm-2.19.so
7f8c30a9e000-7f8c30a9f000 r--p 00104000 08:01 266619                     /lib/x86_64-linux-gnu/libm-2.19.so
7f8c30a9f000-7f8c30aa0000 rw-p 00105000 08:01 266619                     /lib/x86_64-linux-gnu/libm-2.19.so
7f8c30aa0000-7f8c31616000 r-xp 00000000 08:01 3031747                    /usr/lib/jvm/java-7-oracle/jre/lib/amd64/server/libjvm.so
7f8c31616000-7f8c31815000 ---p 00b76000 08:01 3031747                    /usr/lib/jvm/java-7-oracle/jre/lib/amd64/server/libjvm.so
7f8c31815000-7f8c318d9000 rw-p 00b75000 08:01 3031747                    /usr/lib/jvm/java-7-oracle/jre/lib/amd64/server/libjvm.so
7f8c318d9000-7f8c3191a000 rw-p 00000000 00:00 0 
7f8c3191a000-7f8c31ad5000 r-xp 00000000 08:01 266569                     /lib/x86_64-linux-gnu/libc-2.19.so
7f8c31ad5000-7f8c31cd4000 ---p 001bb000 08:01 266569                     /lib/x86_64-linux-gnu/libc-2.19.so
7f8c31cd4000-7f8c31cd8000 r--p 001ba000 08:01 266569                     /lib/x86_64-linux-gnu/libc-2.19.so
7f8c31cd8000-7f8c31cda000 rw-p 001be000 08:01 266569                     /lib/x86_64-linux-gnu/libc-2.19.so
7f8c31cda000-7f8c31cdf000 rw-p 00000000 00:00 0 
7f8c31cdf000-7f8c31ce2000 r-xp 00000000 08:01 266586                     /lib/x86_64-linux-gnu/libdl-2.19.so
7f8c31ce2000-7f8c31ee1000 ---p 00003000 08:01 266586                     /lib/x86_64-linux-gnu/libdl-2.19.so
7f8c31ee1000-7f8c31ee2000 r--p 00002000 08:01 266586                     /lib/x86_64-linux-gnu/libdl-2.19.so
7f8c31ee2000-7f8c31ee3000 rw-p 00003000 08:01 266586                     /lib/x86_64-linux-gnu/libdl-2.19.so
7f8c31ee3000-7f8c31ef8000 r-xp 00000000 08:01 3031726                    /usr/lib/jvm/java-7-oracle/jre/lib/amd64/jli/libjli.so
7f8c31ef8000-7f8c320f7000 ---p 00015000 08:01 3031726                    /usr/lib/jvm/java-7-oracle/jre/lib/amd64/jli/libjli.so
7f8c320f7000-7f8c320f8000 rw-p 00014000 08:01 3031726                    /usr/lib/jvm/java-7-oracle/jre/lib/amd64/jli/libjli.so
7f8c320f8000-7f8c32111000 r-xp 00000000 08:01 266689                     /lib/x86_64-linux-gnu/libpthread-2.19.so
7f8c32111000-7f8c32310000 ---p 00019000 08:01 266689                     /lib/x86_64-linux-gnu/libpthread-2.19.so
7f8c32310000-7f8c32311000 r--p 00018000 08:01 266689                     /lib/x86_64-linux-gnu/libpthread-2.19.so
7f8c32311000-7f8c32312000 rw-p 00019000 08:01 266689                     /lib/x86_64-linux-gnu/libpthread-2.19.so
7f8c32312000-7f8c32316000 rw-p 00000000 00:00 0 
7f8c32316000-7f8c32339000 r-xp 00000000 08:01 266545                     /lib/x86_64-linux-gnu/ld-2.19.so
7f8c3234a000-7f8c32365000 rw-p 00000000 00:00 0 
7f8c32365000-7f8c3241b000 rw-p 00000000 00:00 0 
7f8c3241b000-7f8c3241e000 ---p 00000000 00:00 0 
7f8c3241e000-7f8c32520000 rw-p 00000000 00:00 0                          [stack:28788]
7f8c32529000-7f8c3252c000 rw-p 00000000 00:00 0 
7f8c3252c000-7f8c32534000 rw-s 00000000 08:01 2514421                    /tmp/hsperfdata_root/28787
7f8c32534000-7f8c32535000 rw-p 00000000 00:00 0 
7f8c32535000-7f8c32536000 r--p 00000000 00:00 0 
7f8c32536000-7f8c32538000 rw-p 00000000 00:00 0 
7f8c32538000-7f8c32539000 r--p 00022000 08:01 266545                     /lib/x86_64-linux-gnu/ld-2.19.so
7f8c32539000-7f8c3253a000 rw-p 00023000 08:01 266545                     /lib/x86_64-linux-gnu/ld-2.19.so
7f8c3253a000-7f8c3253b000 rw-p 00000000 00:00 0 
7ffec52bf000-7ffec52e0000 rw-p 00000000 00:00 0                          [stack]
7ffec53ef000-7ffec53f1000 r--p 00000000 00:00 0                          [vvar]
7ffec53f1000-7ffec53f3000 r-xp 00000000 00:00 0                          [vdso]
ffffffffff600000-ffffffffff601000 r-xp 00000000 00:00 0                  [vsyscall]

VM Arguments:
java_command: ThreadDemoChange
Launcher Type: SUN_STANDARD

Environment Variables:
PATH=/usr/local/sbin:/usr/local/bin:/usr/sbin:/usr/bin:/sbin:/bin:/usr/games:/usr/local/games
USERNAME=root
LD_LIBRARY_PATH=/home/emeraude/Bureau/JNI2504/ChangeThread/Change/Thread2804/
SHELL=/bin/bash
DISPLAY=:0

Signal Handlers:
SIGSEGV: [libjvm.so+0x9a3b20], sa_mask[0]=0x7ffbfeff, sa_flags=0x10000004
SIGBUS: [libjvm.so+0x9a3b20], sa_mask[0]=0x7ffbfeff, sa_flags=0x10000004
SIGFPE: [libjvm.so+0x81e740], sa_mask[0]=0x7ffbfeff, sa_flags=0x10000004
SIGPIPE: [libjvm.so+0x81e740], sa_mask[0]=0x7ffbfeff, sa_flags=0x10000004
SIGXFSZ: [libjvm.so+0x81e740], sa_mask[0]=0x7ffbfeff, sa_flags=0x10000004
SIGILL: [libjvm.so+0x81e740], sa_mask[0]=0x7ffbfeff, sa_flags=0x10000004
SIGUSR1: SIG_DFL, sa_mask[0]=0x00000000, sa_flags=0x00000000
SIGUSR2: [libjvm.so+0x81ffb0], sa_mask[0]=0x00000000, sa_flags=0x10000004
SIGHUP: [libjvm.so+0x8210d0], sa_mask[0]=0x7ffbfeff, sa_flags=0x10000004
SIGINT: [libjvm.so+0x8210d0], sa_mask[0]=0x7ffbfeff, sa_flags=0x10000004
SIGTERM: [libjvm.so+0x8210d0], sa_mask[0]=0x7ffbfeff, sa_flags=0x10000004
SIGQUIT: [libjvm.so+0x8210d0], sa_mask[0]=0x7ffbfeff, sa_flags=0x10000004


---------------  S Y S T E M  ---------------

OS:jessie/sid

uname:Linux 3.19.0-25-generic #26~14.04.1-Ubuntu SMP Fri Jul 24 21:16:20 UTC 2015 x86_64
libc:glibc 2.19 NPTL 2.19 
rlimit: STACK 8192k, CORE 0k, NPROC 11762, NOFILE 4096, AS infinity
load average:3,13 1,60 0,82

/proc/meminfo:
MemTotal:        3032528 kB
MemFree:           97964 kB
MemAvailable:     112828 kB
Buffers:            5312 kB
Cached:           572596 kB
SwapCached:        53932 kB
Active:          2194480 kB
Inactive:         592488 kB
Active(anon):    2142428 kB
Inactive(anon):   540088 kB
Active(file):      52052 kB
Inactive(file):    52400 kB
Unevictable:          16 kB
Mlocked:              16 kB
SwapTotal:       3094524 kB
SwapFree:        2570468 kB
Dirty:                 4 kB
Writeback:             0 kB
AnonPages:       2197248 kB
Mapped:           104084 kB
Shmem:            473156 kB
Slab:              68684 kB
SReclaimable:      37896 kB
SUnreclaim:        30788 kB
KernelStack:        9360 kB
PageTables:        39476 kB
NFS_Unstable:          0 kB
Bounce:                0 kB
WritebackTmp:          0 kB
CommitLimit:     4610788 kB
Committed_AS:    7275440 kB
VmallocTotal:   34359738367 kB
VmallocUsed:      347428 kB
VmallocChunk:   34359383644 kB
HardwareCorrupted:     0 kB
AnonHugePages:    434176 kB
CmaTotal:              0 kB
CmaFree:               0 kB
HugePages_Total:       0
HugePages_Free:        0
HugePages_Rsvd:        0
HugePages_Surp:        0
Hugepagesize:       2048 kB
DirectMap4k:      110900 kB
DirectMap2M:     2985984 kB


CPU:total 2 (2 cores per cpu, 1 threads per core) family 6 model 23 stepping 10, cmov, cx8, fxsr, mmx, sse, sse2, sse3, ssse3, sse4.1, tsc

/proc/cpuinfo:
processor	: 0
vendor_id	: GenuineIntel
cpu family	: 6
model		: 23
model name	: Intel(R) Core(TM)2 Duo CPU     U9600  @ 1.60GHz
stepping	: 10
microcode	: 0xa07
cpu MHz		: 1200.000
cache size	: 3072 KB
physical id	: 0
siblings	: 2
core id		: 0
cpu cores	: 2
apicid		: 0
initial apicid	: 0
fpu		: yes
fpu_exception	: yes
cpuid level	: 13
wp		: yes
flags		: fpu vme de pse tsc msr pae mce cx8 apic sep mtrr pge mca cmov pat pse36 clflush dts acpi mmx fxsr sse sse2 ss ht tm pbe syscall nx lm constant_tsc arch_perfmon pebs bts rep_good nopl aperfmperf pni dtes64 monitor ds_cpl vmx smx est tm2 ssse3 cx16 xtpr pdcm sse4_1 xsave lahf_lm ida dtherm tpr_shadow vnmi flexpriority
bugs		:
bogomips	: 3189.79
clflush size	: 64
cache_alignment	: 64
address sizes	: 36 bits physical, 48 bits virtual
power management:

processor	: 1
vendor_id	: GenuineIntel
cpu family	: 6
model		: 23
model name	: Intel(R) Core(TM)2 Duo CPU     U9600  @ 1.60GHz
stepping	: 10
microcode	: 0xa07
cpu MHz		: 1200.000
cache size	: 3072 KB
physical id	: 0
siblings	: 2
core id		: 1
cpu cores	: 2
apicid		: 1
initial apicid	: 1
fpu		: yes
fpu_exception	: yes
cpuid level	: 13
wp		: yes
flags		: fpu vme de pse tsc msr pae mce cx8 apic sep mtrr pge mca cmov pat pse36 clflush dts acpi mmx fxsr sse sse2 ss ht tm pbe syscall nx lm constant_tsc arch_perfmon pebs bts rep_good nopl aperfmperf pni dtes64 monitor ds_cpl vmx smx est tm2 ssse3 cx16 xtpr pdcm sse4_1 xsave lahf_lm ida dtherm tpr_shadow vnmi flexpriority
bugs		:
bogomips	: 3189.79
clflush size	: 64
cache_alignment	: 64
address sizes	: 36 bits physical, 48 bits virtual
power management:



Memory: 4k page, physical 3032528k(97964k free), swap 3094524k(2570468k free)

vm_info: Java HotSpot(TM) 64-Bit Server VM (24.80-b11) for linux-amd64 JRE (1.7.0_80-b15), built on Apr 10 2015 19:53:14 by "java_re" with gcc 4.3.0 20080428 (Red Hat 4.3.0-8)

time: Thu Apr 28 17:02:17 2016
elapsed time: 0 seconds

